[2025-03-19T10:10:03.754+0000] {taskinstance.py:1159} INFO - Dependencies all met for dep_context=non-requeueable deps ti=<TaskInstance: etl_pipeline.extract scheduled__2025-03-19T09:10:00+00:00 [queued]>
[2025-03-19T10:10:03.760+0000] {taskinstance.py:1159} INFO - Dependencies all met for dep_context=requeueable deps ti=<TaskInstance: etl_pipeline.extract scheduled__2025-03-19T09:10:00+00:00 [queued]>
[2025-03-19T10:10:03.760+0000] {taskinstance.py:1361} INFO - Starting attempt 1 of 2
[2025-03-19T10:10:03.768+0000] {taskinstance.py:1382} INFO - Executing <Task(PythonOperator): extract> on 2025-03-19 09:10:00+00:00
[2025-03-19T10:10:03.771+0000] {standard_task_runner.py:57} INFO - Started process 889 to run task
[2025-03-19T10:10:03.774+0000] {standard_task_runner.py:84} INFO - Running: ['airflow', 'tasks', 'run', 'etl_pipeline', 'extract', 'scheduled__2025-03-19T09:10:00+00:00', '--job-id', '86', '--raw', '--subdir', 'DAGS_FOLDER/etl_dags.py', '--cfg-path', '/tmp/tmpch3udrqg']
[2025-03-19T10:10:03.775+0000] {standard_task_runner.py:85} INFO - Job 86: Subtask extract
[2025-03-19T10:10:03.786+0000] {logging_mixin.py:154} WARNING - /home/airflow/.local/lib/python3.8/site-packages/airflow/settings.py:195 DeprecationWarning: The sql_alchemy_conn option in [core] has been moved to the sql_alchemy_conn option in [database] - the old setting has been used, but please update your config.
[2025-03-19T10:10:03.813+0000] {task_command.py:416} INFO - Running <TaskInstance: etl_pipeline.extract scheduled__2025-03-19T09:10:00+00:00 [running]> on host 9431682cb7a1
[2025-03-19T10:10:03.862+0000] {taskinstance.py:1662} INFO - Exporting env vars: AIRFLOW_CTX_DAG_OWNER='airflow' AIRFLOW_CTX_DAG_ID='etl_pipeline' AIRFLOW_CTX_TASK_ID='extract' AIRFLOW_CTX_EXECUTION_DATE='2025-03-19T09:10:00+00:00' AIRFLOW_CTX_TRY_NUMBER='1' AIRFLOW_CTX_DAG_RUN_ID='scheduled__2025-03-19T09:10:00+00:00'
[2025-03-19T10:10:03.865+0000] {logging_mixin.py:154} INFO - Loading file from: /opt/airflow/dags/scripts/districts.json
[2025-03-19T10:10:20.159+0000] {logging_mixin.py:154} INFO - Saved data for Quan 1
[2025-03-19T10:10:36.278+0000] {logging_mixin.py:154} INFO - Saved data for Quan 2
[2025-03-19T10:10:52.591+0000] {logging_mixin.py:154} INFO - Saved data for Quan 3
[2025-03-19T10:11:08.650+0000] {logging_mixin.py:154} INFO - Saved data for TP Thu Duc
[2025-03-19T10:11:24.705+0000] {logging_mixin.py:154} INFO - Saved data for TP Di An
[2025-03-19T10:11:41.076+0000] {logging_mixin.py:154} INFO - Saved data for TP Long Khanh
[2025-03-19T10:11:57.422+0000] {logging_mixin.py:154} INFO - Saved data for TT Phu My
[2025-03-19T10:12:13.556+0000] {logging_mixin.py:154} INFO - Saved data for TP Ba Ria
[2025-03-19T10:12:13.557+0000] {python.py:194} INFO - Done. Returned value was: None
[2025-03-19T10:12:13.569+0000] {taskinstance.py:1400} INFO - Marking task as SUCCESS. dag_id=etl_pipeline, task_id=extract, execution_date=20250319T091000, start_date=20250319T101003, end_date=20250319T101213
[2025-03-19T10:12:13.600+0000] {local_task_job_runner.py:228} INFO - Task exited with return code 0
[2025-03-19T10:12:13.615+0000] {taskinstance.py:2778} INFO - 1 downstream tasks scheduled from follow-on schedule check
