[2025-04-01T15:52:42.224+0000] {taskinstance.py:1159} INFO - Dependencies all met for dep_context=non-requeueable deps ti=<TaskInstance: etl_pipeline.transform scheduled__2025-04-01T14:45:00+00:00 [queued]>
[2025-04-01T15:52:42.230+0000] {taskinstance.py:1159} INFO - Dependencies all met for dep_context=requeueable deps ti=<TaskInstance: etl_pipeline.transform scheduled__2025-04-01T14:45:00+00:00 [queued]>
[2025-04-01T15:52:42.231+0000] {taskinstance.py:1361} INFO - Starting attempt 1 of 2
[2025-04-01T15:52:42.241+0000] {taskinstance.py:1382} INFO - Executing <Task(PythonOperator): transform> on 2025-04-01 14:45:00+00:00
[2025-04-01T15:52:42.244+0000] {standard_task_runner.py:57} INFO - Started process 783 to run task
[2025-04-01T15:52:42.246+0000] {standard_task_runner.py:84} INFO - Running: ['airflow', 'tasks', 'run', 'etl_pipeline', 'transform', 'scheduled__2025-04-01T14:45:00+00:00', '--job-id', '230', '--raw', '--subdir', 'DAGS_FOLDER/etl_dags.py', '--cfg-path', '/tmp/tmpqkum04gr']
[2025-04-01T15:52:42.247+0000] {standard_task_runner.py:85} INFO - Job 230: Subtask transform
[2025-04-01T15:52:42.258+0000] {logging_mixin.py:154} WARNING - /home/airflow/.local/lib/python3.8/site-packages/airflow/settings.py:195 DeprecationWarning: The sql_alchemy_conn option in [core] has been moved to the sql_alchemy_conn option in [database] - the old setting has been used, but please update your config.
[2025-04-01T15:52:42.282+0000] {task_command.py:416} INFO - Running <TaskInstance: etl_pipeline.transform scheduled__2025-04-01T14:45:00+00:00 [running]> on host f263ca9a5772
[2025-04-01T15:52:42.331+0000] {taskinstance.py:1662} INFO - Exporting env vars: AIRFLOW_CTX_DAG_OWNER='airflow' AIRFLOW_CTX_DAG_ID='etl_pipeline' AIRFLOW_CTX_TASK_ID='transform' AIRFLOW_CTX_EXECUTION_DATE='2025-04-01T14:45:00+00:00' AIRFLOW_CTX_TRY_NUMBER='1' AIRFLOW_CTX_DAG_RUN_ID='scheduled__2025-04-01T14:45:00+00:00'
[2025-04-01T15:52:42.374+0000] {logging_mixin.py:154} INFO - Index(['location_id', 'aqi_us', 'main_us', 'aqi_cn', 'main_cn', 'timestamp',
       'aqi_us_category', 'aqi_cn_category', 'aqi_avg', 'main_pollutant',
       'severe_pollution', 'traffic_id', 'weather_id', 'fact_id'],
      dtype='object')
[2025-04-01T15:52:42.381+0000] {logging_mixin.py:154} INFO - ✅ Dữ liệu đã được xử lý và lưu vào processed_data
[2025-04-01T15:52:42.381+0000] {python.py:194} INFO - Done. Returned value was: None
[2025-04-01T15:52:42.386+0000] {taskinstance.py:1400} INFO - Marking task as SUCCESS. dag_id=etl_pipeline, task_id=transform, execution_date=20250401T144500, start_date=20250401T155242, end_date=20250401T155242
[2025-04-01T15:52:42.420+0000] {local_task_job_runner.py:228} INFO - Task exited with return code 0
[2025-04-01T15:52:42.433+0000] {taskinstance.py:2778} INFO - 1 downstream tasks scheduled from follow-on schedule check
[2025-04-01T16:33:08.982+0000] {taskinstance.py:1159} INFO - Dependencies all met for dep_context=non-requeueable deps ti=<TaskInstance: etl_pipeline.transform scheduled__2025-04-01T14:45:00+00:00 [queued]>
[2025-04-01T16:33:11.186+0000] {taskinstance.py:1159} INFO - Dependencies all met for dep_context=requeueable deps ti=<TaskInstance: etl_pipeline.transform scheduled__2025-04-01T14:45:00+00:00 [queued]>
[2025-04-01T16:33:11.186+0000] {taskinstance.py:1361} INFO - Starting attempt 1 of 2
[2025-04-01T16:33:12.571+0000] {taskinstance.py:1382} INFO - Executing <Task(PythonOperator): transform> on 2025-04-01 14:45:00+00:00
[2025-04-01T16:33:12.575+0000] {standard_task_runner.py:57} INFO - Started process 197 to run task
[2025-04-01T16:33:12.578+0000] {standard_task_runner.py:84} INFO - Running: ['airflow', 'tasks', 'run', 'etl_pipeline', 'transform', 'scheduled__2025-04-01T14:45:00+00:00', '--job-id', '4', '--raw', '--subdir', 'DAGS_FOLDER/etl_dags.py', '--cfg-path', '/tmp/tmp6c2d18i7']
[2025-04-01T16:33:12.579+0000] {standard_task_runner.py:85} INFO - Job 4: Subtask transform
[2025-04-01T16:33:17.113+0000] {task_command.py:416} INFO - Running <TaskInstance: etl_pipeline.transform scheduled__2025-04-01T14:45:00+00:00 [running]> on host 9a57a1922f75
[2025-04-01T16:33:30.746+0000] {taskinstance.py:1662} INFO - Exporting env vars: AIRFLOW_CTX_DAG_OWNER='airflow' AIRFLOW_CTX_DAG_ID='etl_pipeline' AIRFLOW_CTX_TASK_ID='transform' AIRFLOW_CTX_EXECUTION_DATE='2025-04-01T14:45:00+00:00' AIRFLOW_CTX_TRY_NUMBER='1' AIRFLOW_CTX_DAG_RUN_ID='scheduled__2025-04-01T14:45:00+00:00'
[2025-04-01T16:33:30.791+0000] {logging_mixin.py:154} INFO - Index(['location_id', 'aqi_us', 'main_us', 'aqi_cn', 'main_cn', 'timestamp',
       'aqi_us_category', 'aqi_cn_category', 'aqi_avg', 'main_pollutant',
       'severe_pollution', 'traffic_id', 'weather_id', 'fact_id'],
      dtype='object')
[2025-04-01T16:33:30.802+0000] {logging_mixin.py:154} INFO - ✅ Dữ liệu đã được xử lý và lưu vào processed_data
[2025-04-01T16:33:30.804+0000] {python.py:194} INFO - Done. Returned value was: None
[2025-04-01T16:33:31.659+0000] {taskinstance.py:1400} INFO - Marking task as SUCCESS. dag_id=etl_pipeline, task_id=transform, execution_date=20250401T144500, start_date=20250401T163308, end_date=20250401T163331
[2025-04-01T16:33:32.779+0000] {local_task_job_runner.py:228} INFO - Task exited with return code 0
[2025-04-01T16:33:33.730+0000] {taskinstance.py:2778} INFO - 1 downstream tasks scheduled from follow-on schedule check
