[2025-03-19T09:10:03.120+0000] {taskinstance.py:1159} INFO - Dependencies all met for dep_context=non-requeueable deps ti=<TaskInstance: etl_pipeline.extract scheduled__2025-03-19T08:10:00+00:00 [queued]>
[2025-03-19T09:10:03.125+0000] {taskinstance.py:1159} INFO - Dependencies all met for dep_context=requeueable deps ti=<TaskInstance: etl_pipeline.extract scheduled__2025-03-19T08:10:00+00:00 [queued]>
[2025-03-19T09:10:03.125+0000] {taskinstance.py:1361} INFO - Starting attempt 1 of 2
[2025-03-19T09:10:03.133+0000] {taskinstance.py:1382} INFO - Executing <Task(PythonOperator): extract> on 2025-03-19 08:10:00+00:00
[2025-03-19T09:10:03.136+0000] {standard_task_runner.py:57} INFO - Started process 600 to run task
[2025-03-19T09:10:03.138+0000] {standard_task_runner.py:84} INFO - Running: ['airflow', 'tasks', 'run', 'etl_pipeline', 'extract', 'scheduled__2025-03-19T08:10:00+00:00', '--job-id', '83', '--raw', '--subdir', 'DAGS_FOLDER/etl_dags.py', '--cfg-path', '/tmp/tmpclq6p3ro']
[2025-03-19T09:10:03.139+0000] {standard_task_runner.py:85} INFO - Job 83: Subtask extract
[2025-03-19T09:10:03.149+0000] {logging_mixin.py:154} WARNING - /home/airflow/.local/lib/python3.8/site-packages/airflow/settings.py:195 DeprecationWarning: The sql_alchemy_conn option in [core] has been moved to the sql_alchemy_conn option in [database] - the old setting has been used, but please update your config.
[2025-03-19T09:10:03.171+0000] {task_command.py:416} INFO - Running <TaskInstance: etl_pipeline.extract scheduled__2025-03-19T08:10:00+00:00 [running]> on host 9431682cb7a1
[2025-03-19T09:10:03.219+0000] {taskinstance.py:1662} INFO - Exporting env vars: AIRFLOW_CTX_DAG_OWNER='airflow' AIRFLOW_CTX_DAG_ID='etl_pipeline' AIRFLOW_CTX_TASK_ID='extract' AIRFLOW_CTX_EXECUTION_DATE='2025-03-19T08:10:00+00:00' AIRFLOW_CTX_TRY_NUMBER='1' AIRFLOW_CTX_DAG_RUN_ID='scheduled__2025-03-19T08:10:00+00:00'
[2025-03-19T09:10:03.221+0000] {logging_mixin.py:154} INFO - Loading file from: /opt/airflow/dags/scripts/districts.json
[2025-03-19T09:10:19.532+0000] {logging_mixin.py:154} INFO - Saved data for Quan 1
[2025-03-19T09:10:35.576+0000] {logging_mixin.py:154} INFO - Saved data for Quan 2
[2025-03-19T09:10:51.626+0000] {logging_mixin.py:154} INFO - Saved data for Quan 3
[2025-03-19T09:11:07.789+0000] {logging_mixin.py:154} INFO - Saved data for TP Thu Duc
[2025-03-19T09:11:23.878+0000] {logging_mixin.py:154} INFO - Saved data for TP Di An
[2025-03-19T09:11:39.917+0000] {logging_mixin.py:154} INFO - Saved data for TP Long Khanh
[2025-03-19T09:11:56.179+0000] {logging_mixin.py:154} INFO - Saved data for TT Phu My
[2025-03-19T09:12:12.220+0000] {logging_mixin.py:154} INFO - Saved data for TP Ba Ria
[2025-03-19T09:12:12.220+0000] {python.py:194} INFO - Done. Returned value was: None
[2025-03-19T09:12:12.227+0000] {taskinstance.py:1400} INFO - Marking task as SUCCESS. dag_id=etl_pipeline, task_id=extract, execution_date=20250319T081000, start_date=20250319T091003, end_date=20250319T091212
[2025-03-19T09:12:12.259+0000] {local_task_job_runner.py:228} INFO - Task exited with return code 0
[2025-03-19T09:12:12.273+0000] {taskinstance.py:2778} INFO - 1 downstream tasks scheduled from follow-on schedule check
