[2025-04-01T08:40:35.090+0000] {taskinstance.py:1159} INFO - Dependencies all met for dep_context=non-requeueable deps ti=<TaskInstance: etl_pipeline.extract scheduled__2025-04-01T07:40:00+00:00 [queued]>
[2025-04-01T08:40:35.095+0000] {taskinstance.py:1159} INFO - Dependencies all met for dep_context=requeueable deps ti=<TaskInstance: etl_pipeline.extract scheduled__2025-04-01T07:40:00+00:00 [queued]>
[2025-04-01T08:40:35.096+0000] {taskinstance.py:1361} INFO - Starting attempt 1 of 2
[2025-04-01T08:40:35.104+0000] {taskinstance.py:1382} INFO - Executing <Task(PythonOperator): extract> on 2025-04-01 07:40:00+00:00
[2025-04-01T08:40:35.108+0000] {standard_task_runner.py:57} INFO - Started process 190 to run task
[2025-04-01T08:40:35.110+0000] {standard_task_runner.py:84} INFO - Running: ['airflow', 'tasks', 'run', 'etl_pipeline', 'extract', 'scheduled__2025-04-01T07:40:00+00:00', '--job-id', '195', '--raw', '--subdir', 'DAGS_FOLDER/etl_dags.py', '--cfg-path', '/tmp/tmptr7l7d5m']
[2025-04-01T08:40:35.111+0000] {standard_task_runner.py:85} INFO - Job 195: Subtask extract
[2025-04-01T08:40:35.122+0000] {logging_mixin.py:154} WARNING - /home/airflow/.local/lib/python3.8/site-packages/airflow/settings.py:195 DeprecationWarning: The sql_alchemy_conn option in [core] has been moved to the sql_alchemy_conn option in [database] - the old setting has been used, but please update your config.
[2025-04-01T08:40:35.144+0000] {task_command.py:416} INFO - Running <TaskInstance: etl_pipeline.extract scheduled__2025-04-01T07:40:00+00:00 [running]> on host 07e8187327cf
[2025-04-01T08:40:35.195+0000] {taskinstance.py:1662} INFO - Exporting env vars: AIRFLOW_CTX_DAG_OWNER='airflow' AIRFLOW_CTX_DAG_ID='etl_pipeline' AIRFLOW_CTX_TASK_ID='extract' AIRFLOW_CTX_EXECUTION_DATE='2025-04-01T07:40:00+00:00' AIRFLOW_CTX_TRY_NUMBER='1' AIRFLOW_CTX_DAG_RUN_ID='scheduled__2025-04-01T07:40:00+00:00'
[2025-04-01T08:42:37.287+0000] {logging_mixin.py:154} INFO - 🌟 Extract city list completely
[2025-04-01T08:42:37.529+0000] {logging_mixin.py:154} INFO - 🗾 District: Ho Chi Minh City  - State: Ho Chi Minh City
[2025-04-01T08:42:37.530+0000] {logging_mixin.py:154} INFO - ⌚ Time now: 2025-04-01 08:42:37.529471+00:00
[2025-04-01T08:42:37.530+0000] {logging_mixin.py:154} INFO - ⌛ Time API: 2025-04-01T08:00:00.000Z
[2025-04-01T08:42:53.539+0000] {logging_mixin.py:154} INFO - ✅ Saved data for Ho Chi Minh City, Ho Chi Minh City
[2025-04-01T08:42:53.768+0000] {logging_mixin.py:154} INFO - 🗾 District: Quan Ba  - State: Ho Chi Minh City
[2025-04-01T08:42:53.769+0000] {logging_mixin.py:154} INFO - ⌚ Time now: 2025-04-01 08:42:53.768746+00:00
[2025-04-01T08:42:53.770+0000] {logging_mixin.py:154} INFO - ⌛ Time API: 2025-04-01T08:00:00.000Z
[2025-04-01T08:43:09.973+0000] {logging_mixin.py:154} INFO - ✅ Saved data for Quan Ba, Ho Chi Minh City
[2025-04-01T08:43:10.191+0000] {logging_mixin.py:154} INFO - 🗾 District: Quan Phu Nhuan  - State: Ho Chi Minh City
[2025-04-01T08:43:10.192+0000] {logging_mixin.py:154} INFO - ⌚ Time now: 2025-04-01 08:43:10.191649+00:00
[2025-04-01T08:43:10.193+0000] {logging_mixin.py:154} INFO - ⌛ Time API: 2025-04-01T07:00:00.000Z
[2025-04-01T08:43:10.385+0000] {logging_mixin.py:154} INFO - 🗾 District: Thu Duc  - State: Ho Chi Minh City
[2025-04-01T08:43:10.386+0000] {logging_mixin.py:154} INFO - ⌚ Time now: 2025-04-01 08:43:10.385510+00:00
[2025-04-01T08:43:10.386+0000] {logging_mixin.py:154} INFO - ⌛ Time API: 2025-04-01T08:00:00.000Z
[2025-04-01T08:43:26.320+0000] {logging_mixin.py:154} INFO - ✅ Saved data for Thu Duc, Ho Chi Minh City
[2025-04-01T08:43:26.548+0000] {logging_mixin.py:154} INFO - 🗾 District: Da Nang  - State: Da Nang
[2025-04-01T08:43:26.548+0000] {logging_mixin.py:154} INFO - ⌚ Time now: 2025-04-01 08:43:26.548209+00:00
[2025-04-01T08:43:26.549+0000] {logging_mixin.py:154} INFO - ⌛ Time API: 2025-04-01T08:00:00.000Z
[2025-04-01T08:43:42.506+0000] {logging_mixin.py:154} INFO - ✅ Saved data for Da Nang, Da Nang
[2025-04-01T08:43:42.724+0000] {logging_mixin.py:154} INFO - 🗾 District: Cau Dien  - State: Hanoi
[2025-04-01T08:43:42.725+0000] {logging_mixin.py:154} INFO - ⌚ Time now: 2025-04-01 08:43:42.724238+00:00
[2025-04-01T08:43:42.725+0000] {logging_mixin.py:154} INFO - ⌛ Time API: 2025-04-01T08:00:00.000Z
[2025-04-01T08:43:58.710+0000] {logging_mixin.py:154} INFO - ✅ Saved data for Cau Dien, Hanoi
[2025-04-01T08:43:59.036+0000] {logging_mixin.py:154} INFO - 🗾 District: Ha Dong  - State: Hanoi
[2025-04-01T08:43:59.036+0000] {logging_mixin.py:154} INFO - ⌚ Time now: 2025-04-01 08:43:59.036146+00:00
[2025-04-01T08:43:59.037+0000] {logging_mixin.py:154} INFO - ⌛ Time API: 2025-04-01T08:00:00.000Z
[2025-04-01T08:44:14.982+0000] {logging_mixin.py:154} INFO - ✅ Saved data for Ha Dong, Hanoi
[2025-04-01T08:44:15.204+0000] {logging_mixin.py:154} INFO - 🗾 District: Hai BaTrung  - State: Hanoi
[2025-04-01T08:44:15.204+0000] {logging_mixin.py:154} INFO - ⌚ Time now: 2025-04-01 08:44:15.203938+00:00
[2025-04-01T08:44:15.205+0000] {logging_mixin.py:154} INFO - ⌛ Time API: 2025-04-01T08:00:00.000Z
[2025-04-01T08:44:31.174+0000] {logging_mixin.py:154} INFO - ✅ Saved data for Hai BaTrung, Hanoi
[2025-04-01T08:44:31.405+0000] {logging_mixin.py:154} INFO - 🗾 District: Hanoi  - State: Hanoi
[2025-04-01T08:44:31.406+0000] {logging_mixin.py:154} INFO - ⌚ Time now: 2025-04-01 08:44:31.405437+00:00
[2025-04-01T08:44:31.406+0000] {logging_mixin.py:154} INFO - ⌛ Time API: 2025-04-01T08:00:00.000Z
[2025-04-01T08:44:47.357+0000] {logging_mixin.py:154} INFO - ✅ Saved data for Hanoi, Hanoi
[2025-04-01T08:44:47.583+0000] {logging_mixin.py:154} INFO - 🗾 District: Hoan Kiem  - State: Hanoi
[2025-04-01T08:44:47.584+0000] {logging_mixin.py:154} INFO - ⌚ Time now: 2025-04-01 08:44:47.583575+00:00
[2025-04-01T08:44:47.584+0000] {logging_mixin.py:154} INFO - ⌛ Time API: 2025-04-01T08:00:00.000Z
[2025-04-01T08:45:03.547+0000] {logging_mixin.py:154} INFO - ✅ Saved data for Hoan Kiem, Hanoi
[2025-04-01T08:45:03.907+0000] {logging_mixin.py:154} INFO - 🗾 District: Phường Phú Thượng  - State: Hanoi
[2025-04-01T08:45:03.907+0000] {logging_mixin.py:154} INFO - ⌚ Time now: 2025-04-01 08:45:03.906952+00:00
[2025-04-01T08:45:03.907+0000] {logging_mixin.py:154} INFO - ⌛ Time API: 2025-04-01T08:00:00.000Z
[2025-04-01T08:45:19.799+0000] {logging_mixin.py:154} INFO - ✅ Saved data for Phường Phú Thượng, Hanoi
[2025-04-01T08:45:20.050+0000] {logging_mixin.py:154} INFO - 🗾 District: Tay Ho  - State: Hanoi
[2025-04-01T08:45:20.051+0000] {logging_mixin.py:154} INFO - ⌚ Time now: 2025-04-01 08:45:20.050803+00:00
[2025-04-01T08:45:20.052+0000] {logging_mixin.py:154} INFO - ⌛ Time API: 2025-04-01T08:00:00.000Z
[2025-04-01T08:45:35.786+0000] {logging_mixin.py:154} INFO - ✅ Saved data for Tay Ho, Hanoi
[2025-04-01T08:45:36.019+0000] {logging_mixin.py:154} INFO - 🗾 District: Thach That  - State: Hanoi
[2025-04-01T08:45:36.019+0000] {logging_mixin.py:154} INFO - ⌚ Time now: 2025-04-01 08:45:36.019116+00:00
[2025-04-01T08:45:36.020+0000] {logging_mixin.py:154} INFO - ⌛ Time API: 2025-04-01T07:00:00.000Z
[2025-04-01T08:45:36.214+0000] {logging_mixin.py:154} INFO - 🗾 District: Di An  - State: Tinh Binh Duong
[2025-04-01T08:45:36.214+0000] {logging_mixin.py:154} INFO - ⌚ Time now: 2025-04-01 08:45:36.214194+00:00
[2025-04-01T08:45:36.215+0000] {logging_mixin.py:154} INFO - ⌛ Time API: 2025-04-01T08:00:00.000Z
[2025-04-01T08:45:52.017+0000] {logging_mixin.py:154} INFO - ✅ Saved data for Di An, Tinh Binh Duong
[2025-04-01T08:45:52.237+0000] {logging_mixin.py:154} INFO - 🗾 District: Long Khanh  - State: Tinh Dong Nai
[2025-04-01T08:45:52.238+0000] {logging_mixin.py:154} INFO - ⌚ Time now: 2025-04-01 08:45:52.237580+00:00
[2025-04-01T08:45:52.238+0000] {logging_mixin.py:154} INFO - ⌛ Time API: 2025-04-01T08:00:00.000Z
[2025-04-01T08:46:08.243+0000] {logging_mixin.py:154} INFO - ✅ Saved data for Long Khanh, Tinh Dong Nai
[2025-04-01T08:46:08.558+0000] {logging_mixin.py:154} INFO - 🗾 District: Haiphong  - State: Thanh Pho Hai Phong
[2025-04-01T08:46:08.558+0000] {logging_mixin.py:154} INFO - ⌚ Time now: 2025-04-01 08:46:08.558246+00:00
[2025-04-01T08:46:08.559+0000] {logging_mixin.py:154} INFO - ⌛ Time API: 2025-04-01T08:00:00.000Z
[2025-04-01T08:46:24.537+0000] {logging_mixin.py:154} INFO - ✅ Saved data for Haiphong, Thanh Pho Hai Phong
[2025-04-01T08:46:24.784+0000] {logging_mixin.py:154} INFO - 🗾 District: Ha Tinh  - State: Tinh Ha Tinh
[2025-04-01T08:46:24.784+0000] {logging_mixin.py:154} INFO - ⌚ Time now: 2025-04-01 08:46:24.784013+00:00
[2025-04-01T08:46:24.785+0000] {logging_mixin.py:154} INFO - ⌛ Time API: 2025-04-01T08:00:00.000Z
[2025-04-01T08:46:40.746+0000] {logging_mixin.py:154} INFO - ✅ Saved data for Ha Tinh, Tinh Ha Tinh
[2025-04-01T08:46:40.958+0000] {logging_mixin.py:154} INFO - 🗾 District: Con Son  - State: Tinh Ba Ria-Vung Tau
[2025-04-01T08:46:40.959+0000] {logging_mixin.py:154} INFO - ⌚ Time now: 2025-04-01 08:46:40.958408+00:00
[2025-04-01T08:46:40.959+0000] {logging_mixin.py:154} INFO - ⌛ Time API: 2025-04-01T08:00:00.000Z
[2025-04-01T08:46:41.898+0000] {logging_mixin.py:154} INFO - 🗾 District: Vung Tau  - State: Tinh Ba Ria-Vung Tau
[2025-04-01T08:46:41.899+0000] {logging_mixin.py:154} INFO - ⌚ Time now: 2025-04-01 08:46:41.898707+00:00
[2025-04-01T08:46:41.899+0000] {logging_mixin.py:154} INFO - ⌛ Time API: 2025-04-01T08:00:00.000Z
[2025-04-01T08:46:57.574+0000] {logging_mixin.py:154} INFO - ✅ Saved data for Vung Tau, Tinh Ba Ria-Vung Tau
[2025-04-01T08:46:57.575+0000] {python.py:194} INFO - Done. Returned value was: None
[2025-04-01T08:46:57.585+0000] {taskinstance.py:1400} INFO - Marking task as SUCCESS. dag_id=etl_pipeline, task_id=extract, execution_date=20250401T074000, start_date=20250401T084035, end_date=20250401T084657
[2025-04-01T08:46:57.622+0000] {local_task_job_runner.py:228} INFO - Task exited with return code 0
[2025-04-01T08:46:57.639+0000] {taskinstance.py:2778} INFO - 1 downstream tasks scheduled from follow-on schedule check
