[2025-04-01T09:58:22.911+0000] {taskinstance.py:1159} INFO - Dependencies all met for dep_context=non-requeueable deps ti=<TaskInstance: etl_pipeline.extract manual__2025-04-01T09:45:00+00:00 [queued]>
[2025-04-01T09:58:22.918+0000] {taskinstance.py:1159} INFO - Dependencies all met for dep_context=requeueable deps ti=<TaskInstance: etl_pipeline.extract manual__2025-04-01T09:45:00+00:00 [queued]>
[2025-04-01T09:58:22.919+0000] {taskinstance.py:1361} INFO - Starting attempt 1 of 2
[2025-04-01T09:58:22.929+0000] {taskinstance.py:1382} INFO - Executing <Task(PythonOperator): extract> on 2025-04-01 09:45:00+00:00
[2025-04-01T09:58:22.933+0000] {standard_task_runner.py:57} INFO - Started process 107 to run task
[2025-04-01T09:58:22.934+0000] {standard_task_runner.py:84} INFO - Running: ['airflow', 'tasks', 'run', 'etl_pipeline', 'extract', 'manual__2025-04-01T09:45:00+00:00', '--job-id', '206', '--raw', '--subdir', 'DAGS_FOLDER/etl_dags.py', '--cfg-path', '/tmp/tmpiq0udrbx']
[2025-04-01T09:58:22.936+0000] {standard_task_runner.py:85} INFO - Job 206: Subtask extract
[2025-04-01T09:58:22.948+0000] {logging_mixin.py:154} WARNING - /home/airflow/.local/lib/python3.8/site-packages/airflow/settings.py:195 DeprecationWarning: The sql_alchemy_conn option in [core] has been moved to the sql_alchemy_conn option in [database] - the old setting has been used, but please update your config.
[2025-04-01T09:58:22.972+0000] {task_command.py:416} INFO - Running <TaskInstance: etl_pipeline.extract manual__2025-04-01T09:45:00+00:00 [running]> on host d6317adea708
[2025-04-01T09:58:23.039+0000] {taskinstance.py:1662} INFO - Exporting env vars: AIRFLOW_CTX_DAG_OWNER='airflow' AIRFLOW_CTX_DAG_ID='etl_pipeline' AIRFLOW_CTX_TASK_ID='extract' AIRFLOW_CTX_EXECUTION_DATE='2025-04-01T09:45:00+00:00' AIRFLOW_CTX_TRY_NUMBER='1' AIRFLOW_CTX_DAG_RUN_ID='manual__2025-04-01T09:45:00+00:00'
[2025-04-01T10:00:25.140+0000] {logging_mixin.py:154} INFO - 🌟 Extract city list completely
[2025-04-01T10:00:25.446+0000] {logging_mixin.py:154} INFO - 🗾 District: Ho Chi Minh City  - State: Ho Chi Minh City
[2025-04-01T10:00:25.447+0000] {logging_mixin.py:154} INFO - ⌚ Time now: 2025-04-01 10:00:25.446817+00:00
[2025-04-01T10:00:25.447+0000] {logging_mixin.py:154} INFO - ⌛ Time API weather: 2025-04-01T09:00:00.000Z
[2025-04-01T10:00:25.448+0000] {logging_mixin.py:154} INFO - ⌛ Time API pollution: 2025-04-01T09:00:00.000Z
[2025-04-01T10:00:25.449+0000] {logging_mixin.py:154} INFO - ⏳ No new data for this district, skipping...
[2025-04-01T10:00:25.623+0000] {logging_mixin.py:154} INFO - 🗾 District: Quan Ba  - State: Ho Chi Minh City
[2025-04-01T10:00:25.624+0000] {logging_mixin.py:154} INFO - ⌚ Time now: 2025-04-01 10:00:25.623862+00:00
[2025-04-01T10:00:25.625+0000] {logging_mixin.py:154} INFO - ⌛ Time API weather: 2025-04-01T09:00:00.000Z
[2025-04-01T10:00:25.625+0000] {logging_mixin.py:154} INFO - ⌛ Time API pollution: 2025-04-01T09:00:00.000Z
[2025-04-01T10:00:25.625+0000] {logging_mixin.py:154} INFO - ⏳ No new data for this district, skipping...
[2025-04-01T10:00:25.824+0000] {logging_mixin.py:154} INFO - 🗾 District: Quan Phu Nhuan  - State: Ho Chi Minh City
[2025-04-01T10:00:25.825+0000] {logging_mixin.py:154} INFO - ⌚ Time now: 2025-04-01 10:00:25.824658+00:00
[2025-04-01T10:00:25.825+0000] {logging_mixin.py:154} INFO - ⌛ Time API weather: 2025-04-01T09:00:00.000Z
[2025-04-01T10:00:25.837+0000] {logging_mixin.py:154} INFO - ⌛ Time API pollution: 2025-04-01T07:00:00.000Z
[2025-04-01T10:00:25.838+0000] {logging_mixin.py:154} INFO - ⏳ No new data for this district, skipping...
[2025-04-01T10:00:26.021+0000] {logging_mixin.py:154} INFO - 🗾 District: Thu Duc  - State: Ho Chi Minh City
[2025-04-01T10:00:26.022+0000] {logging_mixin.py:154} INFO - ⌚ Time now: 2025-04-01 10:00:26.021753+00:00
[2025-04-01T10:00:26.022+0000] {logging_mixin.py:154} INFO - ⌛ Time API weather: 2025-04-01T09:00:00.000Z
[2025-04-01T10:00:26.023+0000] {logging_mixin.py:154} INFO - ⌛ Time API pollution: 2025-04-01T09:00:00.000Z
[2025-04-01T10:00:26.023+0000] {logging_mixin.py:154} INFO - ⏳ No new data for this district, skipping...
[2025-04-01T10:00:26.248+0000] {logging_mixin.py:154} INFO - 🗾 District: Da Nang  - State: Da Nang
[2025-04-01T10:00:26.249+0000] {logging_mixin.py:154} INFO - ⌚ Time now: 2025-04-01 10:00:26.248661+00:00
[2025-04-01T10:00:26.249+0000] {logging_mixin.py:154} INFO - ⌛ Time API weather: 2025-04-01T09:00:00.000Z
[2025-04-01T10:00:26.249+0000] {logging_mixin.py:154} INFO - ⌛ Time API pollution: 2025-04-01T09:00:00.000Z
[2025-04-01T10:00:26.249+0000] {logging_mixin.py:154} INFO - ⏳ No new data for this district, skipping...
[2025-04-01T10:00:28.756+0000] {python.py:194} INFO - Done. Returned value was: None
[2025-04-01T10:00:28.768+0000] {taskinstance.py:1400} INFO - Marking task as SUCCESS. dag_id=etl_pipeline, task_id=extract, execution_date=20250401T094500, start_date=20250401T095822, end_date=20250401T100028
[2025-04-01T10:00:28.804+0000] {local_task_job_runner.py:228} INFO - Task exited with return code 0
[2025-04-01T10:00:28.821+0000] {taskinstance.py:2778} INFO - 1 downstream tasks scheduled from follow-on schedule check
