[2025-04-01T11:45:28.189+0000] {taskinstance.py:1159} INFO - Dependencies all met for dep_context=non-requeueable deps ti=<TaskInstance: etl_pipeline.extract scheduled__2025-04-01T10:45:00+00:00 [queued]>
[2025-04-01T11:45:28.194+0000] {taskinstance.py:1159} INFO - Dependencies all met for dep_context=requeueable deps ti=<TaskInstance: etl_pipeline.extract scheduled__2025-04-01T10:45:00+00:00 [queued]>
[2025-04-01T11:45:28.195+0000] {taskinstance.py:1361} INFO - Starting attempt 1 of 2
[2025-04-01T11:45:28.203+0000] {taskinstance.py:1382} INFO - Executing <Task(PythonOperator): extract> on 2025-04-01 10:45:00+00:00
[2025-04-01T11:45:28.207+0000] {standard_task_runner.py:57} INFO - Started process 70 to run task
[2025-04-01T11:45:28.209+0000] {standard_task_runner.py:84} INFO - Running: ['airflow', 'tasks', 'run', 'etl_pipeline', 'extract', 'scheduled__2025-04-01T10:45:00+00:00', '--job-id', '216', '--raw', '--subdir', 'DAGS_FOLDER/etl_dags.py', '--cfg-path', '/tmp/tmpmbts8id6']
[2025-04-01T11:45:28.211+0000] {standard_task_runner.py:85} INFO - Job 216: Subtask extract
[2025-04-01T11:45:28.221+0000] {logging_mixin.py:154} WARNING - /home/airflow/.local/lib/python3.8/site-packages/airflow/settings.py:195 DeprecationWarning: The sql_alchemy_conn option in [core] has been moved to the sql_alchemy_conn option in [database] - the old setting has been used, but please update your config.
[2025-04-01T11:45:28.248+0000] {task_command.py:416} INFO - Running <TaskInstance: etl_pipeline.extract scheduled__2025-04-01T10:45:00+00:00 [running]> on host f263ca9a5772
[2025-04-01T11:45:28.301+0000] {taskinstance.py:1662} INFO - Exporting env vars: AIRFLOW_CTX_DAG_OWNER='airflow' AIRFLOW_CTX_DAG_ID='etl_pipeline' AIRFLOW_CTX_TASK_ID='extract' AIRFLOW_CTX_EXECUTION_DATE='2025-04-01T10:45:00+00:00' AIRFLOW_CTX_TRY_NUMBER='1' AIRFLOW_CTX_DAG_RUN_ID='scheduled__2025-04-01T10:45:00+00:00'
[2025-04-01T11:47:30.557+0000] {logging_mixin.py:154} INFO - 🌟 Extract city list completely
[2025-04-01T11:47:30.784+0000] {logging_mixin.py:154} INFO - 🗾 District: Ho Chi Minh City  - State: Ho Chi Minh City
[2025-04-01T11:47:30.784+0000] {logging_mixin.py:154} INFO - ⌚ Time now: 2025-04-01 11:47:30.784285+00:00
[2025-04-01T11:47:30.785+0000] {logging_mixin.py:154} INFO - ⌛ Time API weather: 2025-04-01T11:00:00.000Z
[2025-04-01T11:47:30.785+0000] {logging_mixin.py:154} INFO - ⌛ Time API pollution: 2025-04-01T11:00:00.000Z
[2025-04-01T11:47:46.788+0000] {logging_mixin.py:154} INFO - ✅ Saved data for Ho Chi Minh City, Ho Chi Minh City
[2025-04-01T11:47:47.031+0000] {logging_mixin.py:154} INFO - 🗾 District: Quan Ba  - State: Ho Chi Minh City
[2025-04-01T11:47:47.031+0000] {logging_mixin.py:154} INFO - ⌚ Time now: 2025-04-01 11:47:47.031163+00:00
[2025-04-01T11:47:47.032+0000] {logging_mixin.py:154} INFO - ⌛ Time API weather: 2025-04-01T11:00:00.000Z
[2025-04-01T11:47:47.032+0000] {logging_mixin.py:154} INFO - ⌛ Time API pollution: 2025-04-01T11:00:00.000Z
[2025-04-01T11:48:02.970+0000] {logging_mixin.py:154} INFO - ✅ Saved data for Quan Ba, Ho Chi Minh City
[2025-04-01T11:48:03.203+0000] {logging_mixin.py:154} INFO - 🗾 District: Quan Phu Nhuan  - State: Ho Chi Minh City
[2025-04-01T11:48:03.204+0000] {logging_mixin.py:154} INFO - ⌚ Time now: 2025-04-01 11:48:03.203870+00:00
[2025-04-01T11:48:03.204+0000] {logging_mixin.py:154} INFO - ⌛ Time API weather: 2025-04-01T11:00:00.000Z
[2025-04-01T11:48:03.205+0000] {logging_mixin.py:154} INFO - ⌛ Time API pollution: 2025-04-01T08:00:00.000Z
[2025-04-01T11:48:19.053+0000] {logging_mixin.py:154} INFO - ✅ Saved data for Quan Phu Nhuan, Ho Chi Minh City
[2025-04-01T11:48:19.386+0000] {logging_mixin.py:154} INFO - 🗾 District: Thu Duc  - State: Ho Chi Minh City
[2025-04-01T11:48:19.386+0000] {logging_mixin.py:154} INFO - ⌚ Time now: 2025-04-01 11:48:19.386284+00:00
[2025-04-01T11:48:19.387+0000] {logging_mixin.py:154} INFO - ⌛ Time API weather: 2025-04-01T11:00:00.000Z
[2025-04-01T11:48:19.388+0000] {logging_mixin.py:154} INFO - ⌛ Time API pollution: 2025-04-01T11:00:00.000Z
[2025-04-01T11:48:35.379+0000] {logging_mixin.py:154} INFO - ✅ Saved data for Thu Duc, Ho Chi Minh City
[2025-04-01T11:48:35.592+0000] {logging_mixin.py:154} INFO - 🗾 District: Da Nang  - State: Da Nang
[2025-04-01T11:48:35.593+0000] {logging_mixin.py:154} INFO - ⌚ Time now: 2025-04-01 11:48:35.592806+00:00
[2025-04-01T11:48:35.593+0000] {logging_mixin.py:154} INFO - ⌛ Time API weather: 2025-04-01T11:00:00.000Z
[2025-04-01T11:48:35.594+0000] {logging_mixin.py:154} INFO - ⌛ Time API pollution: 2025-04-01T11:00:00.000Z
[2025-04-01T11:48:51.527+0000] {logging_mixin.py:154} INFO - ✅ Saved data for Da Nang, Da Nang
[2025-04-01T11:48:51.748+0000] {logging_mixin.py:154} INFO - 🗾 District: Cau Dien  - State: Hanoi
[2025-04-01T11:48:51.748+0000] {logging_mixin.py:154} INFO - ⌚ Time now: 2025-04-01 11:48:51.747934+00:00
[2025-04-01T11:48:51.748+0000] {logging_mixin.py:154} INFO - ⌛ Time API weather: 2025-04-01T11:00:00.000Z
[2025-04-01T11:48:51.748+0000] {logging_mixin.py:154} INFO - ⌛ Time API pollution: 2025-04-01T11:00:00.000Z
[2025-04-01T11:49:07.825+0000] {logging_mixin.py:154} INFO - ✅ Saved data for Cau Dien, Hanoi
[2025-04-01T11:49:08.047+0000] {logging_mixin.py:154} INFO - 🗾 District: Ha Dong  - State: Hanoi
[2025-04-01T11:49:08.048+0000] {logging_mixin.py:154} INFO - ⌚ Time now: 2025-04-01 11:49:08.047474+00:00
[2025-04-01T11:49:08.048+0000] {logging_mixin.py:154} INFO - ⌛ Time API weather: 2025-04-01T09:00:00.000Z
[2025-04-01T11:49:08.048+0000] {logging_mixin.py:154} INFO - ⌛ Time API pollution: 2025-04-01T11:00:00.000Z
[2025-04-01T11:49:24.074+0000] {logging_mixin.py:154} INFO - ✅ Saved data for Ha Dong, Hanoi
[2025-04-01T11:49:24.386+0000] {logging_mixin.py:154} INFO - 🗾 District: Hai BaTrung  - State: Hanoi
[2025-04-01T11:49:24.386+0000] {logging_mixin.py:154} INFO - ⌚ Time now: 2025-04-01 11:49:24.386338+00:00
[2025-04-01T11:49:24.387+0000] {logging_mixin.py:154} INFO - ⌛ Time API weather: 2025-04-01T09:00:00.000Z
[2025-04-01T11:49:24.387+0000] {logging_mixin.py:154} INFO - ⌛ Time API pollution: 2025-04-01T11:00:00.000Z
[2025-04-01T11:49:40.179+0000] {logging_mixin.py:154} INFO - ✅ Saved data for Hai BaTrung, Hanoi
[2025-04-01T11:49:40.406+0000] {logging_mixin.py:154} INFO - 🗾 District: Hanoi  - State: Hanoi
[2025-04-01T11:49:40.407+0000] {logging_mixin.py:154} INFO - ⌚ Time now: 2025-04-01 11:49:40.406141+00:00
[2025-04-01T11:49:40.407+0000] {logging_mixin.py:154} INFO - ⌛ Time API weather: 2025-04-01T11:00:00.000Z
[2025-04-01T11:49:40.407+0000] {logging_mixin.py:154} INFO - ⌛ Time API pollution: 2025-04-01T11:00:00.000Z
[2025-04-01T11:49:56.301+0000] {logging_mixin.py:154} INFO - ✅ Saved data for Hanoi, Hanoi
[2025-04-01T11:49:56.526+0000] {logging_mixin.py:154} INFO - 🗾 District: Hoan Kiem  - State: Hanoi
[2025-04-01T11:49:56.526+0000] {logging_mixin.py:154} INFO - ⌚ Time now: 2025-04-01 11:49:56.526100+00:00
[2025-04-01T11:49:56.527+0000] {logging_mixin.py:154} INFO - ⌛ Time API weather: 2025-04-01T11:00:00.000Z
[2025-04-01T11:49:56.527+0000] {logging_mixin.py:154} INFO - ⌛ Time API pollution: 2025-04-01T11:00:00.000Z
[2025-04-01T11:50:12.347+0000] {logging_mixin.py:154} INFO - ✅ Saved data for Hoan Kiem, Hanoi
[2025-04-01T11:50:12.570+0000] {logging_mixin.py:154} INFO - 🗾 District: Phường Phú Thượng  - State: Hanoi
[2025-04-01T11:50:12.570+0000] {logging_mixin.py:154} INFO - ⌚ Time now: 2025-04-01 11:50:12.569973+00:00
[2025-04-01T11:50:12.570+0000] {logging_mixin.py:154} INFO - ⌛ Time API weather: 2025-04-01T11:00:00.000Z
[2025-04-01T11:50:12.571+0000] {logging_mixin.py:154} INFO - ⌛ Time API pollution: 2025-04-01T11:00:00.000Z
[2025-04-01T11:50:28.374+0000] {logging_mixin.py:154} INFO - ✅ Saved data for Phường Phú Thượng, Hanoi
[2025-04-01T11:50:28.691+0000] {logging_mixin.py:154} INFO - 🗾 District: Tay Ho  - State: Hanoi
[2025-04-01T11:50:28.692+0000] {logging_mixin.py:154} INFO - ⌚ Time now: 2025-04-01 11:50:28.691697+00:00
[2025-04-01T11:50:28.692+0000] {logging_mixin.py:154} INFO - ⌛ Time API weather: 2025-04-01T11:00:00.000Z
[2025-04-01T11:50:28.693+0000] {logging_mixin.py:154} INFO - ⌛ Time API pollution: 2025-04-01T11:00:00.000Z
[2025-04-01T11:50:44.629+0000] {logging_mixin.py:154} INFO - ✅ Saved data for Tay Ho, Hanoi
[2025-04-01T11:50:44.868+0000] {logging_mixin.py:154} INFO - 🗾 District: Thach That  - State: Hanoi
[2025-04-01T11:50:44.868+0000] {logging_mixin.py:154} INFO - ⌚ Time now: 2025-04-01 11:50:44.867926+00:00
[2025-04-01T11:50:44.869+0000] {logging_mixin.py:154} INFO - ⌛ Time API weather: 2025-04-01T11:00:00.000Z
[2025-04-01T11:50:44.869+0000] {logging_mixin.py:154} INFO - ⌛ Time API pollution: 2025-04-01T11:00:00.000Z
[2025-04-01T11:51:00.729+0000] {logging_mixin.py:154} INFO - ✅ Saved data for Thach That, Hanoi
[2025-04-01T11:51:00.948+0000] {logging_mixin.py:154} INFO - 🗾 District: Di An  - State: Tinh Binh Duong
[2025-04-01T11:51:00.948+0000] {logging_mixin.py:154} INFO - ⌚ Time now: 2025-04-01 11:51:00.948344+00:00
[2025-04-01T11:51:00.949+0000] {logging_mixin.py:154} INFO - ⌛ Time API weather: 2025-04-01T11:00:00.000Z
[2025-04-01T11:51:00.949+0000] {logging_mixin.py:154} INFO - ⌛ Time API pollution: 2025-04-01T11:00:00.000Z
[2025-04-01T11:51:16.908+0000] {logging_mixin.py:154} INFO - ✅ Saved data for Di An, Tinh Binh Duong
[2025-04-01T11:51:17.129+0000] {logging_mixin.py:154} INFO - 🗾 District: Long Khanh  - State: Tinh Dong Nai
[2025-04-01T11:51:17.130+0000] {logging_mixin.py:154} INFO - ⌚ Time now: 2025-04-01 11:51:17.129920+00:00
[2025-04-01T11:51:17.130+0000] {logging_mixin.py:154} INFO - ⌛ Time API weather: 2025-04-01T11:00:00.000Z
[2025-04-01T11:51:17.131+0000] {logging_mixin.py:154} INFO - ⌛ Time API pollution: 2025-04-01T11:00:00.000Z
[2025-04-01T11:51:33.165+0000] {logging_mixin.py:154} INFO - ✅ Saved data for Long Khanh, Tinh Dong Nai
[2025-04-01T11:51:33.498+0000] {logging_mixin.py:154} INFO - 🗾 District: Haiphong  - State: Thanh Pho Hai Phong
[2025-04-01T11:51:33.500+0000] {logging_mixin.py:154} INFO - ⌚ Time now: 2025-04-01 11:51:33.498447+00:00
[2025-04-01T11:51:33.503+0000] {logging_mixin.py:154} INFO - ⌛ Time API weather: 2025-04-01T09:00:00.000Z
[2025-04-01T11:51:33.504+0000] {logging_mixin.py:154} INFO - ⌛ Time API pollution: 2025-04-01T11:00:00.000Z
[2025-04-01T11:51:49.336+0000] {logging_mixin.py:154} INFO - ✅ Saved data for Haiphong, Thanh Pho Hai Phong
[2025-04-01T11:51:49.566+0000] {logging_mixin.py:154} INFO - 🗾 District: Ha Tinh  - State: Tinh Ha Tinh
[2025-04-01T11:51:49.566+0000] {logging_mixin.py:154} INFO - ⌚ Time now: 2025-04-01 11:51:49.566246+00:00
[2025-04-01T11:51:49.567+0000] {logging_mixin.py:154} INFO - ⌛ Time API weather: 2025-04-01T11:00:00.000Z
[2025-04-01T11:51:49.567+0000] {logging_mixin.py:154} INFO - ⌛ Time API pollution: 2025-04-01T11:00:00.000Z
[2025-04-01T11:52:05.572+0000] {logging_mixin.py:154} INFO - ✅ Saved data for Ha Tinh, Tinh Ha Tinh
[2025-04-01T11:52:05.801+0000] {logging_mixin.py:154} INFO - 🗾 District: Con Son  - State: Tinh Ba Ria-Vung Tau
[2025-04-01T11:52:05.802+0000] {logging_mixin.py:154} INFO - ⌚ Time now: 2025-04-01 11:52:05.801877+00:00
[2025-04-01T11:52:05.802+0000] {logging_mixin.py:154} INFO - ⌛ Time API weather: 2025-04-01T11:00:00.000Z
[2025-04-01T11:52:05.803+0000] {logging_mixin.py:154} INFO - ⌛ Time API pollution: 2025-04-01T11:00:00.000Z
[2025-04-01T11:52:06.943+0000] {logging_mixin.py:154} INFO - 🗾 District: Vung Tau  - State: Tinh Ba Ria-Vung Tau
[2025-04-01T11:52:06.944+0000] {logging_mixin.py:154} INFO - ⌚ Time now: 2025-04-01 11:52:06.943924+00:00
[2025-04-01T11:52:06.945+0000] {logging_mixin.py:154} INFO - ⌛ Time API weather: 2025-04-01T09:00:00.000Z
[2025-04-01T11:52:06.946+0000] {logging_mixin.py:154} INFO - ⌛ Time API pollution: 2025-04-01T11:00:00.000Z
[2025-04-01T11:52:22.764+0000] {logging_mixin.py:154} INFO - ✅ Saved data for Vung Tau, Tinh Ba Ria-Vung Tau
[2025-04-01T11:52:22.765+0000] {python.py:194} INFO - Done. Returned value was: None
[2025-04-01T11:52:22.774+0000] {taskinstance.py:1400} INFO - Marking task as SUCCESS. dag_id=etl_pipeline, task_id=extract, execution_date=20250401T104500, start_date=20250401T114528, end_date=20250401T115222
[2025-04-01T11:52:22.827+0000] {local_task_job_runner.py:228} INFO - Task exited with return code 0
[2025-04-01T11:52:22.847+0000] {taskinstance.py:2778} INFO - 1 downstream tasks scheduled from follow-on schedule check
