[2025-03-19T07:38:50.570+0000] {taskinstance.py:1159} INFO - Dependencies all met for dep_context=non-requeueable deps ti=<TaskInstance: etl_pipeline.load scheduled__2025-03-19T06:10:00+00:00 [queued]>
[2025-03-19T07:38:50.584+0000] {taskinstance.py:1159} INFO - Dependencies all met for dep_context=requeueable deps ti=<TaskInstance: etl_pipeline.load scheduled__2025-03-19T06:10:00+00:00 [queued]>
[2025-03-19T07:38:50.584+0000] {taskinstance.py:1361} INFO - Starting attempt 1 of 2
[2025-03-19T07:38:50.594+0000] {taskinstance.py:1382} INFO - Executing <Task(PythonOperator): load> on 2025-03-19 06:10:00+00:00
[2025-03-19T07:38:50.598+0000] {standard_task_runner.py:57} INFO - Started process 176 to run task
[2025-03-19T07:38:50.600+0000] {standard_task_runner.py:84} INFO - Running: ['airflow', 'tasks', 'run', 'etl_pipeline', 'load', 'scheduled__2025-03-19T06:10:00+00:00', '--job-id', '71', '--raw', '--subdir', 'DAGS_FOLDER/etl_dags.py', '--cfg-path', '/tmp/tmppsxcg82s']
[2025-03-19T07:38:50.601+0000] {standard_task_runner.py:85} INFO - Job 71: Subtask load
[2025-03-19T07:38:50.612+0000] {logging_mixin.py:154} WARNING - /home/airflow/.local/lib/python3.8/site-packages/airflow/settings.py:195 DeprecationWarning: The sql_alchemy_conn option in [core] has been moved to the sql_alchemy_conn option in [database] - the old setting has been used, but please update your config.
[2025-03-19T07:38:50.637+0000] {task_command.py:416} INFO - Running <TaskInstance: etl_pipeline.load scheduled__2025-03-19T06:10:00+00:00 [running]> on host 9431682cb7a1
[2025-03-19T07:38:50.689+0000] {taskinstance.py:1662} INFO - Exporting env vars: AIRFLOW_CTX_DAG_OWNER='airflow' AIRFLOW_CTX_DAG_ID='etl_pipeline' AIRFLOW_CTX_TASK_ID='load' AIRFLOW_CTX_EXECUTION_DATE='2025-03-19T06:10:00+00:00' AIRFLOW_CTX_TRY_NUMBER='1' AIRFLOW_CTX_DAG_RUN_ID='scheduled__2025-03-19T06:10:00+00:00'
[2025-03-19T07:38:52.992+0000] {logging_mixin.py:154} INFO - Load hoàn tất ❤️
[2025-03-19T07:38:53.055+0000] {python.py:194} INFO - Done. Returned value was: None
[2025-03-19T07:38:53.061+0000] {taskinstance.py:1400} INFO - Marking task as SUCCESS. dag_id=etl_pipeline, task_id=load, execution_date=20250319T061000, start_date=20250319T073850, end_date=20250319T073853
[2025-03-19T07:38:53.104+0000] {local_task_job_runner.py:228} INFO - Task exited with return code 0
[2025-03-19T07:38:53.126+0000] {taskinstance.py:2778} INFO - 0 downstream tasks scheduled from follow-on schedule check
[2025-03-19T07:50:56.703+0000] {taskinstance.py:1159} INFO - Dependencies all met for dep_context=non-requeueable deps ti=<TaskInstance: etl_pipeline.load scheduled__2025-03-19T06:10:00+00:00 [queued]>
[2025-03-19T07:50:56.709+0000] {taskinstance.py:1159} INFO - Dependencies all met for dep_context=requeueable deps ti=<TaskInstance: etl_pipeline.load scheduled__2025-03-19T06:10:00+00:00 [queued]>
[2025-03-19T07:50:56.710+0000] {taskinstance.py:1361} INFO - Starting attempt 1 of 2
[2025-03-19T07:50:56.719+0000] {taskinstance.py:1382} INFO - Executing <Task(PythonOperator): load> on 2025-03-19 06:10:00+00:00
[2025-03-19T07:50:56.723+0000] {standard_task_runner.py:57} INFO - Started process 197 to run task
[2025-03-19T07:50:56.726+0000] {standard_task_runner.py:84} INFO - Running: ['airflow', 'tasks', 'run', 'etl_pipeline', 'load', 'scheduled__2025-03-19T06:10:00+00:00', '--job-id', '79', '--raw', '--subdir', 'DAGS_FOLDER/etl_dags.py', '--cfg-path', '/tmp/tmpi8c4gm1h']
[2025-03-19T07:50:56.727+0000] {standard_task_runner.py:85} INFO - Job 79: Subtask load
[2025-03-19T07:50:56.737+0000] {logging_mixin.py:154} WARNING - /home/airflow/.local/lib/python3.8/site-packages/airflow/settings.py:195 DeprecationWarning: The sql_alchemy_conn option in [core] has been moved to the sql_alchemy_conn option in [database] - the old setting has been used, but please update your config.
[2025-03-19T07:50:56.761+0000] {task_command.py:416} INFO - Running <TaskInstance: etl_pipeline.load scheduled__2025-03-19T06:10:00+00:00 [running]> on host 9431682cb7a1
[2025-03-19T07:50:56.805+0000] {taskinstance.py:1662} INFO - Exporting env vars: AIRFLOW_CTX_DAG_OWNER='airflow' AIRFLOW_CTX_DAG_ID='etl_pipeline' AIRFLOW_CTX_TASK_ID='load' AIRFLOW_CTX_EXECUTION_DATE='2025-03-19T06:10:00+00:00' AIRFLOW_CTX_TRY_NUMBER='1' AIRFLOW_CTX_DAG_RUN_ID='scheduled__2025-03-19T06:10:00+00:00'
[2025-03-19T07:50:59.417+0000] {logging_mixin.py:154} INFO - Load hoàn tất ❤️
[2025-03-19T07:50:59.489+0000] {python.py:194} INFO - Done. Returned value was: None
[2025-03-19T07:50:59.495+0000] {taskinstance.py:1400} INFO - Marking task as SUCCESS. dag_id=etl_pipeline, task_id=load, execution_date=20250319T061000, start_date=20250319T075056, end_date=20250319T075059
[2025-03-19T07:50:59.524+0000] {local_task_job_runner.py:228} INFO - Task exited with return code 0
[2025-03-19T07:50:59.534+0000] {taskinstance.py:2778} INFO - 0 downstream tasks scheduled from follow-on schedule check
