[2025-04-01T08:33:58.117+0000] {taskinstance.py:1159} INFO - Dependencies all met for dep_context=non-requeueable deps ti=<TaskInstance: etl_pipeline.extract scheduled__2025-04-01T06:40:00+00:00 [queued]>
[2025-04-01T08:33:58.123+0000] {taskinstance.py:1159} INFO - Dependencies all met for dep_context=requeueable deps ti=<TaskInstance: etl_pipeline.extract scheduled__2025-04-01T06:40:00+00:00 [queued]>
[2025-04-01T08:33:58.124+0000] {taskinstance.py:1361} INFO - Starting attempt 1 of 2
[2025-04-01T08:33:58.134+0000] {taskinstance.py:1382} INFO - Executing <Task(PythonOperator): extract> on 2025-04-01 06:40:00+00:00
[2025-04-01T08:33:58.137+0000] {standard_task_runner.py:57} INFO - Started process 84 to run task
[2025-04-01T08:33:58.140+0000] {standard_task_runner.py:84} INFO - Running: ['airflow', 'tasks', 'run', 'etl_pipeline', 'extract', 'scheduled__2025-04-01T06:40:00+00:00', '--job-id', '192', '--raw', '--subdir', 'DAGS_FOLDER/etl_dags.py', '--cfg-path', '/tmp/tmprzz6yhtx']
[2025-04-01T08:33:58.141+0000] {standard_task_runner.py:85} INFO - Job 192: Subtask extract
[2025-04-01T08:33:58.153+0000] {logging_mixin.py:154} WARNING - /home/airflow/.local/lib/python3.8/site-packages/airflow/settings.py:195 DeprecationWarning: The sql_alchemy_conn option in [core] has been moved to the sql_alchemy_conn option in [database] - the old setting has been used, but please update your config.
[2025-04-01T08:33:58.177+0000] {task_command.py:416} INFO - Running <TaskInstance: etl_pipeline.extract scheduled__2025-04-01T06:40:00+00:00 [running]> on host 07e8187327cf
[2025-04-01T08:33:58.230+0000] {taskinstance.py:1662} INFO - Exporting env vars: AIRFLOW_CTX_DAG_OWNER='airflow' AIRFLOW_CTX_DAG_ID='etl_pipeline' AIRFLOW_CTX_TASK_ID='extract' AIRFLOW_CTX_EXECUTION_DATE='2025-04-01T06:40:00+00:00' AIRFLOW_CTX_TRY_NUMBER='1' AIRFLOW_CTX_DAG_RUN_ID='scheduled__2025-04-01T06:40:00+00:00'
[2025-04-01T08:36:00.396+0000] {logging_mixin.py:154} INFO - 🌟 Extract city list completely
[2025-04-01T08:36:00.626+0000] {logging_mixin.py:154} INFO - 🗾 District: Ho Chi Minh City  - State: Ho Chi Minh City
[2025-04-01T08:36:00.626+0000] {logging_mixin.py:154} INFO - ⌚ Time now: 2025-04-01 08:36:00.626067+00:00
[2025-04-01T08:36:00.627+0000] {logging_mixin.py:154} INFO - ⌛ Time API: 2025-04-01T08:00:00.000Z
[2025-04-01T08:36:16.640+0000] {logging_mixin.py:154} INFO - ✅ Saved data for Ho Chi Minh City, Ho Chi Minh City
[2025-04-01T08:36:16.874+0000] {logging_mixin.py:154} INFO - 🗾 District: Quan Ba  - State: Ho Chi Minh City
[2025-04-01T08:36:16.874+0000] {logging_mixin.py:154} INFO - ⌚ Time now: 2025-04-01 08:36:16.873944+00:00
[2025-04-01T08:36:16.875+0000] {logging_mixin.py:154} INFO - ⌛ Time API: 2025-04-01T08:00:00.000Z
[2025-04-01T08:36:32.718+0000] {logging_mixin.py:154} INFO - ✅ Saved data for Quan Ba, Ho Chi Minh City
[2025-04-01T08:36:32.923+0000] {logging_mixin.py:154} INFO - 🗾 District: Quan Phu Nhuan  - State: Ho Chi Minh City
[2025-04-01T08:36:32.924+0000] {logging_mixin.py:154} INFO - ⌚ Time now: 2025-04-01 08:36:32.923650+00:00
[2025-04-01T08:36:32.924+0000] {logging_mixin.py:154} INFO - ⌛ Time API: 2025-04-01T07:00:00.000Z
[2025-04-01T08:36:33.107+0000] {logging_mixin.py:154} INFO - 🗾 District: Thu Duc  - State: Ho Chi Minh City
[2025-04-01T08:36:33.107+0000] {logging_mixin.py:154} INFO - ⌚ Time now: 2025-04-01 08:36:33.107419+00:00
[2025-04-01T08:36:33.108+0000] {logging_mixin.py:154} INFO - ⌛ Time API: 2025-04-01T08:00:00.000Z
[2025-04-01T08:36:49.003+0000] {logging_mixin.py:154} INFO - ✅ Saved data for Thu Duc, Ho Chi Minh City
[2025-04-01T08:36:49.217+0000] {logging_mixin.py:154} INFO - 🗾 District: Da Nang  - State: Da Nang
[2025-04-01T08:36:49.218+0000] {logging_mixin.py:154} INFO - ⌚ Time now: 2025-04-01 08:36:49.217454+00:00
[2025-04-01T08:36:49.218+0000] {logging_mixin.py:154} INFO - ⌛ Time API: 2025-04-01T08:00:00.000Z
[2025-04-01T08:37:05.361+0000] {logging_mixin.py:154} INFO - ✅ Saved data for Da Nang, Da Nang
[2025-04-01T08:37:05.583+0000] {logging_mixin.py:154} INFO - 🗾 District: Cau Dien  - State: Hanoi
[2025-04-01T08:37:05.585+0000] {logging_mixin.py:154} INFO - ⌚ Time now: 2025-04-01 08:37:05.583904+00:00
[2025-04-01T08:37:05.586+0000] {logging_mixin.py:154} INFO - ⌛ Time API: 2025-04-01T08:00:00.000Z
[2025-04-01T08:37:21.384+0000] {logging_mixin.py:154} INFO - ✅ Saved data for Cau Dien, Hanoi
[2025-04-01T08:37:21.608+0000] {logging_mixin.py:154} INFO - 🗾 District: Ha Dong  - State: Hanoi
[2025-04-01T08:37:21.609+0000] {logging_mixin.py:154} INFO - ⌚ Time now: 2025-04-01 08:37:21.608696+00:00
[2025-04-01T08:37:21.609+0000] {logging_mixin.py:154} INFO - ⌛ Time API: 2025-04-01T08:00:00.000Z
[2025-04-01T08:37:37.416+0000] {logging_mixin.py:154} INFO - ✅ Saved data for Ha Dong, Hanoi
[2025-04-01T08:37:37.622+0000] {logging_mixin.py:154} INFO - 🗾 District: Hai BaTrung  - State: Hanoi
[2025-04-01T08:37:37.623+0000] {logging_mixin.py:154} INFO - ⌚ Time now: 2025-04-01 08:37:37.622568+00:00
[2025-04-01T08:37:37.623+0000] {logging_mixin.py:154} INFO - ⌛ Time API: 2025-04-01T08:00:00.000Z
[2025-04-01T08:37:53.539+0000] {logging_mixin.py:154} INFO - ✅ Saved data for Hai BaTrung, Hanoi
[2025-04-01T08:37:53.848+0000] {logging_mixin.py:154} INFO - 🗾 District: Hanoi  - State: Hanoi
[2025-04-01T08:37:53.848+0000] {logging_mixin.py:154} INFO - ⌚ Time now: 2025-04-01 08:37:53.848363+00:00
[2025-04-01T08:37:53.849+0000] {logging_mixin.py:154} INFO - ⌛ Time API: 2025-04-01T08:00:00.000Z
[2025-04-01T08:38:09.617+0000] {logging_mixin.py:154} INFO - ✅ Saved data for Hanoi, Hanoi
[2025-04-01T08:38:09.849+0000] {logging_mixin.py:154} INFO - 🗾 District: Hoan Kiem  - State: Hanoi
[2025-04-01T08:38:09.863+0000] {logging_mixin.py:154} INFO - ⌚ Time now: 2025-04-01 08:38:09.849041+00:00
[2025-04-01T08:38:09.864+0000] {logging_mixin.py:154} INFO - ⌛ Time API: 2025-04-01T08:00:00.000Z
[2025-04-01T08:38:25.890+0000] {logging_mixin.py:154} INFO - ✅ Saved data for Hoan Kiem, Hanoi
[2025-04-01T08:38:26.110+0000] {logging_mixin.py:154} INFO - 🗾 District: Phường Phú Thượng  - State: Hanoi
[2025-04-01T08:38:26.110+0000] {logging_mixin.py:154} INFO - ⌚ Time now: 2025-04-01 08:38:26.109948+00:00
[2025-04-01T08:38:26.111+0000] {logging_mixin.py:154} INFO - ⌛ Time API: 2025-04-01T08:00:00.000Z
[2025-04-01T08:38:41.912+0000] {logging_mixin.py:154} INFO - ✅ Saved data for Phường Phú Thượng, Hanoi
[2025-04-01T08:38:42.149+0000] {logging_mixin.py:154} INFO - 🗾 District: Tay Ho  - State: Hanoi
[2025-04-01T08:38:42.149+0000] {logging_mixin.py:154} INFO - ⌚ Time now: 2025-04-01 08:38:42.149272+00:00
[2025-04-01T08:38:42.150+0000] {logging_mixin.py:154} INFO - ⌛ Time API: 2025-04-01T08:00:00.000Z
[2025-04-01T08:38:58.121+0000] {logging_mixin.py:154} INFO - ✅ Saved data for Tay Ho, Hanoi
[2025-04-01T08:38:58.442+0000] {logging_mixin.py:154} INFO - 🗾 District: Thach That  - State: Hanoi
[2025-04-01T08:38:58.443+0000] {logging_mixin.py:154} INFO - ⌚ Time now: 2025-04-01 08:38:58.442498+00:00
[2025-04-01T08:38:58.443+0000] {logging_mixin.py:154} INFO - ⌛ Time API: 2025-04-01T07:00:00.000Z
[2025-04-01T08:38:58.619+0000] {logging_mixin.py:154} INFO - 🗾 District: Di An  - State: Tinh Binh Duong
[2025-04-01T08:38:58.620+0000] {logging_mixin.py:154} INFO - ⌚ Time now: 2025-04-01 08:38:58.619846+00:00
[2025-04-01T08:38:58.621+0000] {logging_mixin.py:154} INFO - ⌛ Time API: 2025-04-01T08:00:00.000Z
[2025-04-01T08:39:14.426+0000] {logging_mixin.py:154} INFO - ✅ Saved data for Di An, Tinh Binh Duong
[2025-04-01T08:39:14.657+0000] {logging_mixin.py:154} INFO - 🗾 District: Long Khanh  - State: Tinh Dong Nai
[2025-04-01T08:39:14.658+0000] {logging_mixin.py:154} INFO - ⌚ Time now: 2025-04-01 08:39:14.657835+00:00
[2025-04-01T08:39:14.658+0000] {logging_mixin.py:154} INFO - ⌛ Time API: 2025-04-01T08:00:00.000Z
[2025-04-01T08:39:30.432+0000] {logging_mixin.py:154} INFO - ✅ Saved data for Long Khanh, Tinh Dong Nai
[2025-04-01T08:39:30.644+0000] {logging_mixin.py:154} INFO - 🗾 District: Haiphong  - State: Thanh Pho Hai Phong
[2025-04-01T08:39:30.645+0000] {logging_mixin.py:154} INFO - ⌚ Time now: 2025-04-01 08:39:30.644708+00:00
[2025-04-01T08:39:30.645+0000] {logging_mixin.py:154} INFO - ⌛ Time API: 2025-04-01T08:00:00.000Z
[2025-04-01T08:39:46.424+0000] {logging_mixin.py:154} INFO - ✅ Saved data for Haiphong, Thanh Pho Hai Phong
[2025-04-01T08:39:46.655+0000] {logging_mixin.py:154} INFO - 🗾 District: Ha Tinh  - State: Tinh Ha Tinh
[2025-04-01T08:39:46.656+0000] {logging_mixin.py:154} INFO - ⌚ Time now: 2025-04-01 08:39:46.655741+00:00
[2025-04-01T08:39:46.656+0000] {logging_mixin.py:154} INFO - ⌛ Time API: 2025-04-01T08:00:00.000Z
[2025-04-01T08:40:02.524+0000] {logging_mixin.py:154} INFO - ✅ Saved data for Ha Tinh, Tinh Ha Tinh
[2025-04-01T08:40:02.985+0000] {logging_mixin.py:154} INFO - 🗾 District: Con Son  - State: Tinh Ba Ria-Vung Tau
[2025-04-01T08:40:02.985+0000] {logging_mixin.py:154} INFO - ⌚ Time now: 2025-04-01 08:40:02.985315+00:00
[2025-04-01T08:40:02.986+0000] {logging_mixin.py:154} INFO - ⌛ Time API: 2025-04-01T08:00:00.000Z
[2025-04-01T08:40:04.220+0000] {logging_mixin.py:154} INFO - 🗾 District: Vung Tau  - State: Tinh Ba Ria-Vung Tau
[2025-04-01T08:40:04.221+0000] {logging_mixin.py:154} INFO - ⌚ Time now: 2025-04-01 08:40:04.220666+00:00
[2025-04-01T08:40:04.221+0000] {logging_mixin.py:154} INFO - ⌛ Time API: 2025-04-01T08:00:00.000Z
[2025-04-01T08:40:19.838+0000] {logging_mixin.py:154} INFO - ✅ Saved data for Vung Tau, Tinh Ba Ria-Vung Tau
[2025-04-01T08:40:19.839+0000] {python.py:194} INFO - Done. Returned value was: None
[2025-04-01T08:40:19.849+0000] {taskinstance.py:1400} INFO - Marking task as SUCCESS. dag_id=etl_pipeline, task_id=extract, execution_date=20250401T064000, start_date=20250401T083358, end_date=20250401T084019
[2025-04-01T08:40:19.873+0000] {local_task_job_runner.py:228} INFO - Task exited with return code 0
[2025-04-01T08:40:19.894+0000] {taskinstance.py:2778} INFO - 1 downstream tasks scheduled from follow-on schedule check
