[2025-03-19T07:31:34.412+0000] {taskinstance.py:1149} INFO - Dependencies not met for <TaskInstance: etl_pipeline.extract scheduled__2025-03-19T06:10:00+00:00 [up_for_retry]>, dependency 'Not In Retry Period' FAILED: Task is not ready for retry yet but will be retried automatically. Current date is 2025-03-19T07:31:34.411990+00:00 and task will be retried at 2025-03-19T07:36:30.936922+00:00.
[2025-03-19T07:31:34.416+0000] {local_task_job_runner.py:154} INFO - Task is not able to be run
[2025-03-19T07:36:35.053+0000] {taskinstance.py:1159} INFO - Dependencies all met for dep_context=non-requeueable deps ti=<TaskInstance: etl_pipeline.extract scheduled__2025-03-19T06:10:00+00:00 [queued]>
[2025-03-19T07:36:35.058+0000] {taskinstance.py:1159} INFO - Dependencies all met for dep_context=requeueable deps ti=<TaskInstance: etl_pipeline.extract scheduled__2025-03-19T06:10:00+00:00 [queued]>
[2025-03-19T07:36:35.059+0000] {taskinstance.py:1361} INFO - Starting attempt 2 of 2
[2025-03-19T07:36:35.067+0000] {taskinstance.py:1382} INFO - Executing <Task(PythonOperator): extract> on 2025-03-19 06:10:00+00:00
[2025-03-19T07:36:35.070+0000] {standard_task_runner.py:57} INFO - Started process 87 to run task
[2025-03-19T07:36:35.072+0000] {standard_task_runner.py:84} INFO - Running: ['airflow', 'tasks', 'run', 'etl_pipeline', 'extract', 'scheduled__2025-03-19T06:10:00+00:00', '--job-id', '69', '--raw', '--subdir', 'DAGS_FOLDER/etl_dags.py', '--cfg-path', '/tmp/tmpoa7u7yr6']
[2025-03-19T07:36:35.073+0000] {standard_task_runner.py:85} INFO - Job 69: Subtask extract
[2025-03-19T07:36:35.084+0000] {logging_mixin.py:154} WARNING - /home/airflow/.local/lib/python3.8/site-packages/airflow/settings.py:195 DeprecationWarning: The sql_alchemy_conn option in [core] has been moved to the sql_alchemy_conn option in [database] - the old setting has been used, but please update your config.
[2025-03-19T07:36:35.106+0000] {task_command.py:416} INFO - Running <TaskInstance: etl_pipeline.extract scheduled__2025-03-19T06:10:00+00:00 [running]> on host 9431682cb7a1
[2025-03-19T07:36:35.155+0000] {taskinstance.py:1662} INFO - Exporting env vars: AIRFLOW_CTX_DAG_OWNER='airflow' AIRFLOW_CTX_DAG_ID='etl_pipeline' AIRFLOW_CTX_TASK_ID='extract' AIRFLOW_CTX_EXECUTION_DATE='2025-03-19T06:10:00+00:00' AIRFLOW_CTX_TRY_NUMBER='2' AIRFLOW_CTX_DAG_RUN_ID='scheduled__2025-03-19T06:10:00+00:00'
[2025-03-19T07:36:35.158+0000] {logging_mixin.py:154} INFO - Loading file from: /opt/airflow/dags/scripts/districts.json
[2025-03-19T07:36:51.381+0000] {logging_mixin.py:154} INFO - Saved data for Quan 1
[2025-03-19T07:37:07.513+0000] {logging_mixin.py:154} INFO - Saved data for Quan 2
[2025-03-19T07:37:23.761+0000] {logging_mixin.py:154} INFO - Saved data for Quan 3
[2025-03-19T07:37:39.944+0000] {logging_mixin.py:154} INFO - Saved data for TP Thu Duc
[2025-03-19T07:37:56.236+0000] {logging_mixin.py:154} INFO - Saved data for TP Di An
[2025-03-19T07:38:12.218+0000] {logging_mixin.py:154} INFO - Saved data for TP Long Khanh
[2025-03-19T07:38:28.512+0000] {logging_mixin.py:154} INFO - Saved data for TT Phu My
[2025-03-19T07:38:45.047+0000] {logging_mixin.py:154} INFO - Saved data for TP Ba Ria
[2025-03-19T07:38:45.094+0000] {python.py:194} INFO - Done. Returned value was: None
[2025-03-19T07:38:45.109+0000] {taskinstance.py:1400} INFO - Marking task as SUCCESS. dag_id=etl_pipeline, task_id=extract, execution_date=20250319T061000, start_date=20250319T073635, end_date=20250319T073845
[2025-03-19T07:38:45.169+0000] {local_task_job_runner.py:228} INFO - Task exited with return code 0
[2025-03-19T07:38:45.191+0000] {taskinstance.py:2778} INFO - 1 downstream tasks scheduled from follow-on schedule check
