[2025-04-01T15:45:05.544+0000] {taskinstance.py:1159} INFO - Dependencies all met for dep_context=non-requeueable deps ti=<TaskInstance: etl_pipeline.extract scheduled__2025-04-01T14:45:00+00:00 [queued]>
[2025-04-01T15:45:05.549+0000] {taskinstance.py:1159} INFO - Dependencies all met for dep_context=requeueable deps ti=<TaskInstance: etl_pipeline.extract scheduled__2025-04-01T14:45:00+00:00 [queued]>
[2025-04-01T15:45:05.550+0000] {taskinstance.py:1361} INFO - Starting attempt 1 of 2
[2025-04-01T15:45:05.557+0000] {taskinstance.py:1382} INFO - Executing <Task(PythonOperator): extract> on 2025-04-01 14:45:00+00:00
[2025-04-01T15:45:05.561+0000] {standard_task_runner.py:57} INFO - Started process 738 to run task
[2025-04-01T15:45:05.564+0000] {standard_task_runner.py:84} INFO - Running: ['airflow', 'tasks', 'run', 'etl_pipeline', 'extract', 'scheduled__2025-04-01T14:45:00+00:00', '--job-id', '229', '--raw', '--subdir', 'DAGS_FOLDER/etl_dags.py', '--cfg-path', '/tmp/tmpadicneuz']
[2025-04-01T15:45:05.566+0000] {standard_task_runner.py:85} INFO - Job 229: Subtask extract
[2025-04-01T15:45:05.577+0000] {logging_mixin.py:154} WARNING - /home/airflow/.local/lib/python3.8/site-packages/airflow/settings.py:195 DeprecationWarning: The sql_alchemy_conn option in [core] has been moved to the sql_alchemy_conn option in [database] - the old setting has been used, but please update your config.
[2025-04-01T15:45:05.600+0000] {task_command.py:416} INFO - Running <TaskInstance: etl_pipeline.extract scheduled__2025-04-01T14:45:00+00:00 [running]> on host f263ca9a5772
[2025-04-01T15:45:05.650+0000] {taskinstance.py:1662} INFO - Exporting env vars: AIRFLOW_CTX_DAG_OWNER='airflow' AIRFLOW_CTX_DAG_ID='etl_pipeline' AIRFLOW_CTX_TASK_ID='extract' AIRFLOW_CTX_EXECUTION_DATE='2025-04-01T14:45:00+00:00' AIRFLOW_CTX_TRY_NUMBER='1' AIRFLOW_CTX_DAG_RUN_ID='scheduled__2025-04-01T14:45:00+00:00'
[2025-04-01T15:47:11.055+0000] {logging_mixin.py:154} INFO - 🌟 Extract city list completely
[2025-04-01T15:47:11.437+0000] {logging_mixin.py:154} INFO - 🗾 District: Ho Chi Minh City  - State: Ho Chi Minh City
[2025-04-01T15:47:11.437+0000] {logging_mixin.py:154} INFO - ⌚ Time now: 2025-04-01 15:47:11.437109+00:00
[2025-04-01T15:47:11.438+0000] {logging_mixin.py:154} INFO - ⌛ Time API weather: 2025-04-01T15:00:00.000Z
[2025-04-01T15:47:11.438+0000] {logging_mixin.py:154} INFO - ⌛ Time API pollution: 2025-04-01T15:00:00.000Z
[2025-04-01T15:47:27.880+0000] {logging_mixin.py:154} INFO - ✅ Saved data for Ho Chi Minh City, Ho Chi Minh City
[2025-04-01T15:47:28.390+0000] {logging_mixin.py:154} INFO - 🗾 District: Quan Ba  - State: Ho Chi Minh City
[2025-04-01T15:47:28.391+0000] {logging_mixin.py:154} INFO - ⌚ Time now: 2025-04-01 15:47:28.390942+00:00
[2025-04-01T15:47:28.392+0000] {logging_mixin.py:154} INFO - ⌛ Time API weather: 2025-04-01T15:00:00.000Z
[2025-04-01T15:47:28.392+0000] {logging_mixin.py:154} INFO - ⌛ Time API pollution: 2025-04-01T15:00:00.000Z
[2025-04-01T15:47:45.353+0000] {logging_mixin.py:154} INFO - ✅ Saved data for Quan Ba, Ho Chi Minh City
[2025-04-01T15:47:45.755+0000] {logging_mixin.py:154} INFO - 🗾 District: Quan Phu Nhuan  - State: Ho Chi Minh City
[2025-04-01T15:47:45.756+0000] {logging_mixin.py:154} INFO - ⌚ Time now: 2025-04-01 15:47:45.755258+00:00
[2025-04-01T15:47:45.756+0000] {logging_mixin.py:154} INFO - ⌛ Time API weather: 2025-04-01T15:00:00.000Z
[2025-04-01T15:47:45.756+0000] {logging_mixin.py:154} INFO - ⌛ Time API pollution: 2025-04-01T13:00:00.000Z
[2025-04-01T15:48:02.399+0000] {logging_mixin.py:154} INFO - ✅ Saved data for Quan Phu Nhuan, Ho Chi Minh City
[2025-04-01T15:48:02.962+0000] {logging_mixin.py:154} INFO - 🗾 District: Thu Duc  - State: Ho Chi Minh City
[2025-04-01T15:48:02.963+0000] {logging_mixin.py:154} INFO - ⌚ Time now: 2025-04-01 15:48:02.962013+00:00
[2025-04-01T15:48:02.963+0000] {logging_mixin.py:154} INFO - ⌛ Time API weather: 2025-04-01T15:00:00.000Z
[2025-04-01T15:48:02.964+0000] {logging_mixin.py:154} INFO - ⌛ Time API pollution: 2025-04-01T15:00:00.000Z
[2025-04-01T15:48:19.513+0000] {logging_mixin.py:154} INFO - ✅ Saved data for Thu Duc, Ho Chi Minh City
[2025-04-01T15:48:20.148+0000] {logging_mixin.py:154} INFO - 🗾 District: Da Nang  - State: Da Nang
[2025-04-01T15:48:20.149+0000] {logging_mixin.py:154} INFO - ⌚ Time now: 2025-04-01 15:48:20.148844+00:00
[2025-04-01T15:48:20.149+0000] {logging_mixin.py:154} INFO - ⌛ Time API weather: 2025-04-01T15:00:00.000Z
[2025-04-01T15:48:20.150+0000] {logging_mixin.py:154} INFO - ⌛ Time API pollution: 2025-04-01T15:00:00.000Z
[2025-04-01T15:48:37.405+0000] {logging_mixin.py:154} INFO - ✅ Saved data for Da Nang, Da Nang
[2025-04-01T15:48:37.937+0000] {logging_mixin.py:154} INFO - 🗾 District: Cau Dien  - State: Hanoi
[2025-04-01T15:48:37.938+0000] {logging_mixin.py:154} INFO - ⌚ Time now: 2025-04-01 15:48:37.937664+00:00
[2025-04-01T15:48:37.939+0000] {logging_mixin.py:154} INFO - ⌛ Time API weather: 2025-04-01T15:00:00.000Z
[2025-04-01T15:48:37.939+0000] {logging_mixin.py:154} INFO - ⌛ Time API pollution: 2025-04-01T15:00:00.000Z
[2025-04-01T15:48:55.498+0000] {logging_mixin.py:154} INFO - ✅ Saved data for Cau Dien, Hanoi
[2025-04-01T15:48:56.034+0000] {logging_mixin.py:154} INFO - 🗾 District: Ha Dong  - State: Hanoi
[2025-04-01T15:48:56.036+0000] {logging_mixin.py:154} INFO - ⌚ Time now: 2025-04-01 15:48:56.034106+00:00
[2025-04-01T15:48:56.036+0000] {logging_mixin.py:154} INFO - ⌛ Time API weather: 2025-04-01T15:00:00.000Z
[2025-04-01T15:48:56.036+0000] {logging_mixin.py:154} INFO - ⌛ Time API pollution: 2025-04-01T15:00:00.000Z
[2025-04-01T15:49:12.769+0000] {logging_mixin.py:154} INFO - ✅ Saved data for Ha Dong, Hanoi
[2025-04-01T15:49:13.313+0000] {logging_mixin.py:154} INFO - 🗾 District: Hai BaTrung  - State: Hanoi
[2025-04-01T15:49:13.315+0000] {logging_mixin.py:154} INFO - ⌚ Time now: 2025-04-01 15:49:13.313299+00:00
[2025-04-01T15:49:13.316+0000] {logging_mixin.py:154} INFO - ⌛ Time API weather: 2025-04-01T15:00:00.000Z
[2025-04-01T15:49:13.316+0000] {logging_mixin.py:154} INFO - ⌛ Time API pollution: 2025-04-01T15:00:00.000Z
[2025-04-01T15:49:32.217+0000] {logging_mixin.py:154} INFO - ✅ Saved data for Hai BaTrung, Hanoi
[2025-04-01T15:49:34.297+0000] {logging_mixin.py:154} INFO - 🗾 District: Hanoi  - State: Hanoi
[2025-04-01T15:49:34.298+0000] {logging_mixin.py:154} INFO - ⌚ Time now: 2025-04-01 15:49:34.297533+00:00
[2025-04-01T15:49:34.298+0000] {logging_mixin.py:154} INFO - ⌛ Time API weather: 2025-04-01T15:00:00.000Z
[2025-04-01T15:49:34.299+0000] {logging_mixin.py:154} INFO - ⌛ Time API pollution: 2025-04-01T15:00:00.000Z
[2025-04-01T15:49:51.036+0000] {logging_mixin.py:154} INFO - ✅ Saved data for Hanoi, Hanoi
[2025-04-01T15:49:51.556+0000] {logging_mixin.py:154} INFO - 🗾 District: Hoan Kiem  - State: Hanoi
[2025-04-01T15:49:51.556+0000] {logging_mixin.py:154} INFO - ⌚ Time now: 2025-04-01 15:49:51.556255+00:00
[2025-04-01T15:49:51.557+0000] {logging_mixin.py:154} INFO - ⌛ Time API weather: 2025-04-01T15:00:00.000Z
[2025-04-01T15:49:51.557+0000] {logging_mixin.py:154} INFO - ⌛ Time API pollution: 2025-04-01T15:00:00.000Z
[2025-04-01T15:50:08.055+0000] {logging_mixin.py:154} INFO - ✅ Saved data for Hoan Kiem, Hanoi
[2025-04-01T15:50:08.952+0000] {logging_mixin.py:154} INFO - 🗾 District: Phường Phú Thượng  - State: Hanoi
[2025-04-01T15:50:08.954+0000] {logging_mixin.py:154} INFO - ⌚ Time now: 2025-04-01 15:50:08.952476+00:00
[2025-04-01T15:50:08.954+0000] {logging_mixin.py:154} INFO - ⌛ Time API weather: 2025-04-01T15:00:00.000Z
[2025-04-01T15:50:08.955+0000] {logging_mixin.py:154} INFO - ⌛ Time API pollution: 2025-04-01T15:00:00.000Z
[2025-04-01T15:50:28.526+0000] {logging_mixin.py:154} INFO - ✅ Saved data for Phường Phú Thượng, Hanoi
[2025-04-01T15:50:29.172+0000] {logging_mixin.py:154} INFO - 🗾 District: Tay Ho  - State: Hanoi
[2025-04-01T15:50:29.172+0000] {logging_mixin.py:154} INFO - ⌚ Time now: 2025-04-01 15:50:29.172102+00:00
[2025-04-01T15:50:29.173+0000] {logging_mixin.py:154} INFO - ⌛ Time API weather: 2025-04-01T15:00:00.000Z
[2025-04-01T15:50:29.173+0000] {logging_mixin.py:154} INFO - ⌛ Time API pollution: 2025-04-01T15:00:00.000Z
[2025-04-01T15:50:46.663+0000] {logging_mixin.py:154} INFO - ✅ Saved data for Tay Ho, Hanoi
[2025-04-01T15:50:48.149+0000] {logging_mixin.py:154} INFO - 🗾 District: Thach That  - State: Hanoi
[2025-04-01T15:50:48.151+0000] {logging_mixin.py:154} INFO - ⌚ Time now: 2025-04-01 15:50:48.149908+00:00
[2025-04-01T15:50:48.152+0000] {logging_mixin.py:154} INFO - ⌛ Time API weather: 2025-04-01T15:00:00.000Z
[2025-04-01T15:50:48.152+0000] {logging_mixin.py:154} INFO - ⌛ Time API pollution: 2025-04-01T15:00:00.000Z
[2025-04-01T15:51:04.774+0000] {logging_mixin.py:154} INFO - ✅ Saved data for Thach That, Hanoi
[2025-04-01T15:51:05.253+0000] {logging_mixin.py:154} INFO - 🗾 District: Di An  - State: Tinh Binh Duong
[2025-04-01T15:51:05.254+0000] {logging_mixin.py:154} INFO - ⌚ Time now: 2025-04-01 15:51:05.253548+00:00
[2025-04-01T15:51:05.254+0000] {logging_mixin.py:154} INFO - ⌛ Time API weather: 2025-04-01T15:00:00.000Z
[2025-04-01T15:51:05.254+0000] {logging_mixin.py:154} INFO - ⌛ Time API pollution: 2025-04-01T15:00:00.000Z
[2025-04-01T15:51:22.037+0000] {logging_mixin.py:154} INFO - ✅ Saved data for Di An, Tinh Binh Duong
[2025-04-01T15:51:22.477+0000] {logging_mixin.py:154} INFO - 🗾 District: Long Khanh  - State: Tinh Dong Nai
[2025-04-01T15:51:22.477+0000] {logging_mixin.py:154} INFO - ⌚ Time now: 2025-04-01 15:51:22.476991+00:00
[2025-04-01T15:51:22.478+0000] {logging_mixin.py:154} INFO - ⌛ Time API weather: 2025-04-01T15:00:00.000Z
[2025-04-01T15:51:22.478+0000] {logging_mixin.py:154} INFO - ⌛ Time API pollution: 2025-04-01T15:00:00.000Z
[2025-04-01T15:51:38.736+0000] {logging_mixin.py:154} INFO - ✅ Saved data for Long Khanh, Tinh Dong Nai
[2025-04-01T15:51:40.789+0000] {logging_mixin.py:154} INFO - 🗾 District: Haiphong  - State: Thanh Pho Hai Phong
[2025-04-01T15:51:40.791+0000] {logging_mixin.py:154} INFO - ⌚ Time now: 2025-04-01 15:51:40.789823+00:00
[2025-04-01T15:51:40.791+0000] {logging_mixin.py:154} INFO - ⌛ Time API weather: 2025-04-01T15:00:00.000Z
[2025-04-01T15:51:40.792+0000] {logging_mixin.py:154} INFO - ⌛ Time API pollution: 2025-04-01T15:00:00.000Z
[2025-04-01T15:51:59.875+0000] {logging_mixin.py:154} INFO - ✅ Saved data for Haiphong, Thanh Pho Hai Phong
[2025-04-01T15:52:00.355+0000] {logging_mixin.py:154} INFO - 🗾 District: Ha Tinh  - State: Tinh Ha Tinh
[2025-04-01T15:52:00.355+0000] {logging_mixin.py:154} INFO - ⌚ Time now: 2025-04-01 15:52:00.355138+00:00
[2025-04-01T15:52:00.356+0000] {logging_mixin.py:154} INFO - ⌛ Time API weather: 2025-04-01T15:00:00.000Z
[2025-04-01T15:52:00.356+0000] {logging_mixin.py:154} INFO - ⌛ Time API pollution: 2025-04-01T15:00:00.000Z
[2025-04-01T15:52:16.777+0000] {logging_mixin.py:154} INFO - ✅ Saved data for Ha Tinh, Tinh Ha Tinh
[2025-04-01T15:52:17.130+0000] {logging_mixin.py:154} INFO - 🗾 District: Con Son  - State: Tinh Ba Ria-Vung Tau
[2025-04-01T15:52:17.132+0000] {logging_mixin.py:154} INFO - ⌚ Time now: 2025-04-01 15:52:17.130169+00:00
[2025-04-01T15:52:17.133+0000] {logging_mixin.py:154} INFO - ⌛ Time API weather: 2025-04-01T15:00:00.000Z
[2025-04-01T15:52:17.134+0000] {logging_mixin.py:154} INFO - ⌛ Time API pollution: 2025-04-01T15:00:00.000Z
[2025-04-01T15:52:18.329+0000] {logging_mixin.py:154} INFO - 🗾 District: Vung Tau  - State: Tinh Ba Ria-Vung Tau
[2025-04-01T15:52:18.330+0000] {logging_mixin.py:154} INFO - ⌚ Time now: 2025-04-01 15:52:18.329497+00:00
[2025-04-01T15:52:18.330+0000] {logging_mixin.py:154} INFO - ⌛ Time API weather: 2025-04-01T15:00:00.000Z
[2025-04-01T15:52:18.330+0000] {logging_mixin.py:154} INFO - ⌛ Time API pollution: 2025-04-01T15:00:00.000Z
[2025-04-01T15:52:33.993+0000] {logging_mixin.py:154} INFO - ✅ Saved data for Vung Tau, Tinh Ba Ria-Vung Tau
[2025-04-01T15:52:33.993+0000] {python.py:194} INFO - Done. Returned value was: None
[2025-04-01T15:52:34.000+0000] {taskinstance.py:1400} INFO - Marking task as SUCCESS. dag_id=etl_pipeline, task_id=extract, execution_date=20250401T144500, start_date=20250401T154505, end_date=20250401T155234
[2025-04-01T15:52:34.035+0000] {local_task_job_runner.py:228} INFO - Task exited with return code 0
[2025-04-01T15:52:34.051+0000] {taskinstance.py:2778} INFO - 1 downstream tasks scheduled from follow-on schedule check
[2025-04-01T16:25:18.273+0000] {taskinstance.py:1159} INFO - Dependencies all met for dep_context=non-requeueable deps ti=<TaskInstance: etl_pipeline.extract scheduled__2025-04-01T14:45:00+00:00 [queued]>
[2025-04-01T16:25:20.251+0000] {taskinstance.py:1159} INFO - Dependencies all met for dep_context=requeueable deps ti=<TaskInstance: etl_pipeline.extract scheduled__2025-04-01T14:45:00+00:00 [queued]>
[2025-04-01T16:25:20.252+0000] {taskinstance.py:1361} INFO - Starting attempt 1 of 2
[2025-04-01T16:25:22.216+0000] {taskinstance.py:1382} INFO - Executing <Task(PythonOperator): extract> on 2025-04-01 14:45:00+00:00
[2025-04-01T16:25:22.221+0000] {standard_task_runner.py:57} INFO - Started process 135 to run task
[2025-04-01T16:25:22.225+0000] {standard_task_runner.py:84} INFO - Running: ['airflow', 'tasks', 'run', 'etl_pipeline', 'extract', 'scheduled__2025-04-01T14:45:00+00:00', '--job-id', '3', '--raw', '--subdir', 'DAGS_FOLDER/etl_dags.py', '--cfg-path', '/tmp/tmp6fe1bj8d']
[2025-04-01T16:25:22.227+0000] {standard_task_runner.py:85} INFO - Job 3: Subtask extract
[2025-04-01T16:25:28.679+0000] {task_command.py:416} INFO - Running <TaskInstance: etl_pipeline.extract scheduled__2025-04-01T14:45:00+00:00 [running]> on host 9a57a1922f75
[2025-04-01T16:25:35.166+0000] {taskinstance.py:1662} INFO - Exporting env vars: AIRFLOW_CTX_DAG_OWNER='airflow' AIRFLOW_CTX_DAG_ID='etl_pipeline' AIRFLOW_CTX_TASK_ID='extract' AIRFLOW_CTX_EXECUTION_DATE='2025-04-01T14:45:00+00:00' AIRFLOW_CTX_TRY_NUMBER='1' AIRFLOW_CTX_DAG_RUN_ID='scheduled__2025-04-01T14:45:00+00:00'
[2025-04-01T16:27:37.527+0000] {logging_mixin.py:154} INFO - 🌟 Extract city list completely
[2025-04-01T16:27:38.266+0000] {logging_mixin.py:154} INFO - 🗾 District: Ho Chi Minh City  - State: Ho Chi Minh City
[2025-04-01T16:27:38.267+0000] {logging_mixin.py:154} INFO - ⌚ Time now: 2025-04-01 16:27:38.266896+00:00
[2025-04-01T16:27:38.268+0000] {logging_mixin.py:154} INFO - ⌛ Time API weather: 2025-04-01T16:00:00.000Z
[2025-04-01T16:27:38.268+0000] {logging_mixin.py:154} INFO - ⌛ Time API pollution: 2025-04-01T16:00:00.000Z
[2025-04-01T16:27:54.900+0000] {logging_mixin.py:154} INFO - ✅ Saved data for Ho Chi Minh City, Ho Chi Minh City
[2025-04-01T16:27:55.159+0000] {logging_mixin.py:154} INFO - 🗾 District: Quan Ba  - State: Ho Chi Minh City
[2025-04-01T16:27:55.160+0000] {logging_mixin.py:154} INFO - ⌚ Time now: 2025-04-01 16:27:55.159114+00:00
[2025-04-01T16:27:55.160+0000] {logging_mixin.py:154} INFO - ⌛ Time API weather: 2025-04-01T16:00:00.000Z
[2025-04-01T16:27:55.160+0000] {logging_mixin.py:154} INFO - ⌛ Time API pollution: 2025-04-01T16:00:00.000Z
[2025-04-01T16:28:11.006+0000] {logging_mixin.py:154} INFO - ✅ Saved data for Quan Ba, Ho Chi Minh City
[2025-04-01T16:28:11.243+0000] {logging_mixin.py:154} INFO - 🗾 District: Quan Phu Nhuan  - State: Ho Chi Minh City
[2025-04-01T16:28:11.244+0000] {logging_mixin.py:154} INFO - ⌚ Time now: 2025-04-01 16:28:11.243889+00:00
[2025-04-01T16:28:11.244+0000] {logging_mixin.py:154} INFO - ⌛ Time API weather: 2025-04-01T16:00:00.000Z
[2025-04-01T16:28:11.244+0000] {logging_mixin.py:154} INFO - ⌛ Time API pollution: 2025-04-01T13:00:00.000Z
[2025-04-01T16:28:27.064+0000] {logging_mixin.py:154} INFO - ✅ Saved data for Quan Phu Nhuan, Ho Chi Minh City
[2025-04-01T16:28:27.277+0000] {logging_mixin.py:154} INFO - 🗾 District: Thu Duc  - State: Ho Chi Minh City
[2025-04-01T16:28:27.278+0000] {logging_mixin.py:154} INFO - ⌚ Time now: 2025-04-01 16:28:27.277866+00:00
[2025-04-01T16:28:27.279+0000] {logging_mixin.py:154} INFO - ⌛ Time API weather: 2025-04-01T16:00:00.000Z
[2025-04-01T16:28:27.279+0000] {logging_mixin.py:154} INFO - ⌛ Time API pollution: 2025-04-01T16:00:00.000Z
[2025-04-01T16:28:43.222+0000] {logging_mixin.py:154} INFO - ✅ Saved data for Thu Duc, Ho Chi Minh City
[2025-04-01T16:28:43.522+0000] {logging_mixin.py:154} INFO - 🗾 District: Da Nang  - State: Da Nang
[2025-04-01T16:28:43.522+0000] {logging_mixin.py:154} INFO - ⌚ Time now: 2025-04-01 16:28:43.521956+00:00
[2025-04-01T16:28:43.523+0000] {logging_mixin.py:154} INFO - ⌛ Time API weather: 2025-04-01T16:00:00.000Z
[2025-04-01T16:28:43.523+0000] {logging_mixin.py:154} INFO - ⌛ Time API pollution: 2025-04-01T16:00:00.000Z
[2025-04-01T16:28:59.355+0000] {logging_mixin.py:154} INFO - ✅ Saved data for Da Nang, Da Nang
[2025-04-01T16:28:59.641+0000] {logging_mixin.py:154} INFO - 🗾 District: Cau Dien  - State: Hanoi
[2025-04-01T16:28:59.641+0000] {logging_mixin.py:154} INFO - ⌚ Time now: 2025-04-01 16:28:59.640944+00:00
[2025-04-01T16:28:59.641+0000] {logging_mixin.py:154} INFO - ⌛ Time API weather: 2025-04-01T16:00:00.000Z
[2025-04-01T16:28:59.642+0000] {logging_mixin.py:154} INFO - ⌛ Time API pollution: 2025-04-01T15:00:00.000Z
[2025-04-01T16:29:15.733+0000] {logging_mixin.py:154} INFO - ✅ Saved data for Cau Dien, Hanoi
[2025-04-01T16:29:15.945+0000] {logging_mixin.py:154} INFO - 🗾 District: Ha Dong  - State: Hanoi
[2025-04-01T16:29:15.946+0000] {logging_mixin.py:154} INFO - ⌚ Time now: 2025-04-01 16:29:15.945921+00:00
[2025-04-01T16:29:15.946+0000] {logging_mixin.py:154} INFO - ⌛ Time API weather: 2025-04-01T16:00:00.000Z
[2025-04-01T16:29:15.947+0000] {logging_mixin.py:154} INFO - ⌛ Time API pollution: 2025-04-01T16:00:00.000Z
[2025-04-01T16:29:31.936+0000] {logging_mixin.py:154} INFO - ✅ Saved data for Ha Dong, Hanoi
[2025-04-01T16:29:32.228+0000] {logging_mixin.py:154} INFO - 🗾 District: Hai BaTrung  - State: Hanoi
[2025-04-01T16:29:32.230+0000] {logging_mixin.py:154} INFO - ⌚ Time now: 2025-04-01 16:29:32.228498+00:00
[2025-04-01T16:29:32.233+0000] {logging_mixin.py:154} INFO - ⌛ Time API weather: 2025-04-01T16:00:00.000Z
[2025-04-01T16:29:32.234+0000] {logging_mixin.py:154} INFO - ⌛ Time API pollution: 2025-04-01T15:00:00.000Z
[2025-04-01T16:29:48.177+0000] {logging_mixin.py:154} INFO - ✅ Saved data for Hai BaTrung, Hanoi
[2025-04-01T16:29:48.498+0000] {logging_mixin.py:154} INFO - 🗾 District: Hanoi  - State: Hanoi
[2025-04-01T16:29:48.498+0000] {logging_mixin.py:154} INFO - ⌚ Time now: 2025-04-01 16:29:48.498004+00:00
[2025-04-01T16:29:48.499+0000] {logging_mixin.py:154} INFO - ⌛ Time API weather: 2025-04-01T16:00:00.000Z
[2025-04-01T16:29:48.499+0000] {logging_mixin.py:154} INFO - ⌛ Time API pollution: 2025-04-01T16:00:00.000Z
[2025-04-01T16:30:04.471+0000] {logging_mixin.py:154} INFO - ✅ Saved data for Hanoi, Hanoi
[2025-04-01T16:30:04.684+0000] {logging_mixin.py:154} INFO - 🗾 District: Hoan Kiem  - State: Hanoi
[2025-04-01T16:30:04.689+0000] {logging_mixin.py:154} INFO - ⌚ Time now: 2025-04-01 16:30:04.684419+00:00
[2025-04-01T16:30:04.690+0000] {logging_mixin.py:154} INFO - ⌛ Time API weather: 2025-04-01T16:00:00.000Z
[2025-04-01T16:30:04.690+0000] {logging_mixin.py:154} INFO - ⌛ Time API pollution: 2025-04-01T16:00:00.000Z
[2025-04-01T16:30:20.620+0000] {logging_mixin.py:154} INFO - ✅ Saved data for Hoan Kiem, Hanoi
[2025-04-01T16:30:20.828+0000] {logging_mixin.py:154} INFO - 🗾 District: Phường Phú Thượng  - State: Hanoi
[2025-04-01T16:30:20.829+0000] {logging_mixin.py:154} INFO - ⌚ Time now: 2025-04-01 16:30:20.828517+00:00
[2025-04-01T16:30:20.829+0000] {logging_mixin.py:154} INFO - ⌛ Time API weather: 2025-04-01T16:00:00.000Z
[2025-04-01T16:30:20.830+0000] {logging_mixin.py:154} INFO - ⌛ Time API pollution: 2025-04-01T16:00:00.000Z
[2025-04-01T16:30:36.827+0000] {logging_mixin.py:154} INFO - ✅ Saved data for Phường Phú Thượng, Hanoi
[2025-04-01T16:30:37.083+0000] {logging_mixin.py:154} INFO - 🗾 District: Tay Ho  - State: Hanoi
[2025-04-01T16:30:37.084+0000] {logging_mixin.py:154} INFO - ⌚ Time now: 2025-04-01 16:30:37.083724+00:00
[2025-04-01T16:30:37.084+0000] {logging_mixin.py:154} INFO - ⌛ Time API weather: 2025-04-01T16:00:00.000Z
[2025-04-01T16:30:37.084+0000] {logging_mixin.py:154} INFO - ⌛ Time API pollution: 2025-04-01T16:00:00.000Z
[2025-04-01T16:30:53.175+0000] {logging_mixin.py:154} INFO - ✅ Saved data for Tay Ho, Hanoi
[2025-04-01T16:30:53.483+0000] {logging_mixin.py:154} INFO - 🗾 District: Thach That  - State: Hanoi
[2025-04-01T16:30:53.484+0000] {logging_mixin.py:154} INFO - ⌚ Time now: 2025-04-01 16:30:53.483823+00:00
[2025-04-01T16:30:53.484+0000] {logging_mixin.py:154} INFO - ⌛ Time API weather: 2025-04-01T16:00:00.000Z
[2025-04-01T16:30:53.485+0000] {logging_mixin.py:154} INFO - ⌛ Time API pollution: 2025-04-01T16:00:00.000Z
[2025-04-01T16:31:09.490+0000] {logging_mixin.py:154} INFO - ✅ Saved data for Thach That, Hanoi
[2025-04-01T16:31:09.856+0000] {logging_mixin.py:154} INFO - 🗾 District: Di An  - State: Tinh Binh Duong
[2025-04-01T16:31:09.856+0000] {logging_mixin.py:154} INFO - ⌚ Time now: 2025-04-01 16:31:09.856352+00:00
[2025-04-01T16:31:09.857+0000] {logging_mixin.py:154} INFO - ⌛ Time API weather: 2025-04-01T16:00:00.000Z
[2025-04-01T16:31:09.857+0000] {logging_mixin.py:154} INFO - ⌛ Time API pollution: 2025-04-01T16:00:00.000Z
[2025-04-01T16:31:25.878+0000] {logging_mixin.py:154} INFO - ✅ Saved data for Di An, Tinh Binh Duong
[2025-04-01T16:31:26.113+0000] {logging_mixin.py:154} INFO - 🗾 District: Long Khanh  - State: Tinh Dong Nai
[2025-04-01T16:31:26.114+0000] {logging_mixin.py:154} INFO - ⌚ Time now: 2025-04-01 16:31:26.113668+00:00
[2025-04-01T16:31:26.115+0000] {logging_mixin.py:154} INFO - ⌛ Time API weather: 2025-04-01T16:00:00.000Z
[2025-04-01T16:31:26.115+0000] {logging_mixin.py:154} INFO - ⌛ Time API pollution: 2025-04-01T16:00:00.000Z
[2025-04-01T16:31:41.899+0000] {logging_mixin.py:154} INFO - ✅ Saved data for Long Khanh, Tinh Dong Nai
[2025-04-01T16:31:42.128+0000] {logging_mixin.py:154} INFO - 🗾 District: Haiphong  - State: Thanh Pho Hai Phong
[2025-04-01T16:31:42.129+0000] {logging_mixin.py:154} INFO - ⌚ Time now: 2025-04-01 16:31:42.128656+00:00
[2025-04-01T16:31:42.129+0000] {logging_mixin.py:154} INFO - ⌛ Time API weather: 2025-04-01T16:00:00.000Z
[2025-04-01T16:31:42.130+0000] {logging_mixin.py:154} INFO - ⌛ Time API pollution: 2025-04-01T16:00:00.000Z
[2025-04-01T16:31:57.948+0000] {logging_mixin.py:154} INFO - ✅ Saved data for Haiphong, Thanh Pho Hai Phong
[2025-04-01T16:31:58.292+0000] {logging_mixin.py:154} INFO - 🗾 District: Ha Tinh  - State: Tinh Ha Tinh
[2025-04-01T16:31:58.292+0000] {logging_mixin.py:154} INFO - ⌚ Time now: 2025-04-01 16:31:58.291989+00:00
[2025-04-01T16:31:58.292+0000] {logging_mixin.py:154} INFO - ⌛ Time API weather: 2025-04-01T16:00:00.000Z
[2025-04-01T16:31:58.293+0000] {logging_mixin.py:154} INFO - ⌛ Time API pollution: 2025-04-01T16:00:00.000Z
[2025-04-01T16:32:14.319+0000] {logging_mixin.py:154} INFO - ✅ Saved data for Ha Tinh, Tinh Ha Tinh
[2025-04-01T16:32:14.658+0000] {logging_mixin.py:154} INFO - 🗾 District: Con Son  - State: Tinh Ba Ria-Vung Tau
[2025-04-01T16:32:14.658+0000] {logging_mixin.py:154} INFO - ⌚ Time now: 2025-04-01 16:32:14.657978+00:00
[2025-04-01T16:32:14.658+0000] {logging_mixin.py:154} INFO - ⌛ Time API weather: 2025-04-01T16:00:00.000Z
[2025-04-01T16:32:14.659+0000] {logging_mixin.py:154} INFO - ⌛ Time API pollution: 2025-04-01T16:00:00.000Z
[2025-04-01T16:32:16.668+0000] {logging_mixin.py:154} INFO - 🗾 District: Vung Tau  - State: Tinh Ba Ria-Vung Tau
[2025-04-01T16:32:16.668+0000] {logging_mixin.py:154} INFO - ⌚ Time now: 2025-04-01 16:32:16.668022+00:00
[2025-04-01T16:32:16.669+0000] {logging_mixin.py:154} INFO - ⌛ Time API weather: 2025-04-01T16:00:00.000Z
[2025-04-01T16:32:16.669+0000] {logging_mixin.py:154} INFO - ⌛ Time API pollution: 2025-04-01T16:00:00.000Z
[2025-04-01T16:32:32.849+0000] {logging_mixin.py:154} INFO - ✅ Saved data for Vung Tau, Tinh Ba Ria-Vung Tau
[2025-04-01T16:32:32.850+0000] {python.py:194} INFO - Done. Returned value was: None
[2025-04-01T16:32:35.806+0000] {taskinstance.py:1400} INFO - Marking task as SUCCESS. dag_id=etl_pipeline, task_id=extract, execution_date=20250401T144500, start_date=20250401T162518, end_date=20250401T163235
[2025-04-01T16:32:40.962+0000] {local_task_job_runner.py:228} INFO - Task exited with return code 0
[2025-04-01T16:32:41.887+0000] {taskinstance.py:2778} INFO - 1 downstream tasks scheduled from follow-on schedule check
