[2025-03-19T07:09:27.150+0000] {taskinstance.py:1159} INFO - Dependencies all met for dep_context=non-requeueable deps ti=<TaskInstance: etl_pipeline.extract manual__2025-03-19T07:09:24+00:00 [queued]>
[2025-03-19T07:09:27.155+0000] {taskinstance.py:1159} INFO - Dependencies all met for dep_context=requeueable deps ti=<TaskInstance: etl_pipeline.extract manual__2025-03-19T07:09:24+00:00 [queued]>
[2025-03-19T07:09:27.156+0000] {taskinstance.py:1361} INFO - Starting attempt 1 of 2
[2025-03-19T07:09:27.164+0000] {taskinstance.py:1382} INFO - Executing <Task(PythonOperator): extract> on 2025-03-19 07:09:24+00:00
[2025-03-19T07:09:27.167+0000] {standard_task_runner.py:57} INFO - Started process 87 to run task
[2025-03-19T07:09:27.169+0000] {standard_task_runner.py:84} INFO - Running: ['airflow', 'tasks', 'run', 'etl_pipeline', 'extract', 'manual__2025-03-19T07:09:24+00:00', '--job-id', '58', '--raw', '--subdir', 'DAGS_FOLDER/etl_dags.py', '--cfg-path', '/tmp/tmplhc0wj8a']
[2025-03-19T07:09:27.170+0000] {standard_task_runner.py:85} INFO - Job 58: Subtask extract
[2025-03-19T07:09:27.181+0000] {logging_mixin.py:154} WARNING - /home/airflow/.local/lib/python3.8/site-packages/airflow/settings.py:195 DeprecationWarning: The sql_alchemy_conn option in [core] has been moved to the sql_alchemy_conn option in [database] - the old setting has been used, but please update your config.
[2025-03-19T07:09:27.202+0000] {task_command.py:416} INFO - Running <TaskInstance: etl_pipeline.extract manual__2025-03-19T07:09:24+00:00 [running]> on host 7b70899a1576
[2025-03-19T07:09:27.252+0000] {taskinstance.py:1662} INFO - Exporting env vars: AIRFLOW_CTX_DAG_OWNER='airflow' AIRFLOW_CTX_DAG_ID='etl_pipeline' AIRFLOW_CTX_TASK_ID='extract' AIRFLOW_CTX_EXECUTION_DATE='2025-03-19T07:09:24+00:00' AIRFLOW_CTX_TRY_NUMBER='1' AIRFLOW_CTX_DAG_RUN_ID='manual__2025-03-19T07:09:24+00:00'
[2025-03-19T07:09:27.254+0000] {logging_mixin.py:154} INFO - Loading file from: /opt/airflow/dags/scripts/districts.json
[2025-03-19T07:09:43.513+0000] {logging_mixin.py:154} INFO - Saved data for Quan 1
[2025-03-19T07:09:59.508+0000] {logging_mixin.py:154} INFO - Saved data for Quan 2
[2025-03-19T07:10:15.671+0000] {logging_mixin.py:154} INFO - Saved data for Quan 3
[2025-03-19T07:10:32.767+0000] {logging_mixin.py:154} INFO - Saved data for TP Thu Duc
[2025-03-19T07:10:48.984+0000] {logging_mixin.py:154} INFO - Saved data for TP Di An
[2025-03-19T07:11:05.179+0000] {logging_mixin.py:154} INFO - Saved data for TP Long Khanh
[2025-03-19T07:11:21.369+0000] {logging_mixin.py:154} INFO - Saved data for TT Phu My
[2025-03-19T07:11:37.327+0000] {logging_mixin.py:154} INFO - Saved data for TP Ba Ria
[2025-03-19T07:11:37.328+0000] {python.py:194} INFO - Done. Returned value was: None
[2025-03-19T07:11:37.335+0000] {taskinstance.py:1400} INFO - Marking task as SUCCESS. dag_id=etl_pipeline, task_id=extract, execution_date=20250319T070924, start_date=20250319T070927, end_date=20250319T071137
[2025-03-19T07:11:37.383+0000] {local_task_job_runner.py:228} INFO - Task exited with return code 0
[2025-03-19T07:11:37.402+0000] {taskinstance.py:2778} INFO - 1 downstream tasks scheduled from follow-on schedule check
